/*C14*/SET SCHEMA PUBLIC
DISCONNECT
/*C15*/SET SCHEMA PUBLIC
DISCONNECT
/*C16*/SET SCHEMA PUBLIC
DISCONNECT
/*C17*/SET SCHEMA PUBLIC
DISCONNECT
/*C18*/SET SCHEMA PUBLIC
DISCONNECT
/*C19*/SET SCHEMA PUBLIC
DISCONNECT
/*C21*/SET SCHEMA PUBLIC
DISCONNECT
/*C20*/SET SCHEMA PUBLIC
DISCONNECT
/*C22*/SET SCHEMA PUBLIC
DISCONNECT
/*C23*/SET SCHEMA PUBLIC
DISCONNECT
/*C24*/SET SCHEMA PUBLIC
DISCONNECT
/*C25*/SET SCHEMA PUBLIC
DELETE FROM SYS_SERVER WHERE ID='5d3b177d-d47c-373b-1d4a-9a3217e5254f'
INSERT INTO SYS_SERVER VALUES('5d3b177d-d47c-373b-1d4a-9a3217e5254f','2018-04-18 21:21:44.821000',NULL,'2018-04-20 11:43:12.746000',NULL,'localhost:8080/app-core',TRUE,NULL)
COMMIT
DELETE FROM SYS_SERVER WHERE ID='5d3b177d-d47c-373b-1d4a-9a3217e5254f'
INSERT INTO SYS_SERVER VALUES('5d3b177d-d47c-373b-1d4a-9a3217e5254f','2018-04-18 21:21:44.821000',NULL,'2018-04-20 11:44:12.749000',NULL,'localhost:8080/app-core',TRUE,NULL)
COMMIT
DELETE FROM SYS_SERVER WHERE ID='5d3b177d-d47c-373b-1d4a-9a3217e5254f'
INSERT INTO SYS_SERVER VALUES('5d3b177d-d47c-373b-1d4a-9a3217e5254f','2018-04-18 21:21:44.821000',NULL,'2018-04-20 11:45:12.755000',NULL,'localhost:8080/app-core',TRUE,NULL)
COMMIT
DELETE FROM SYS_SERVER WHERE ID='5d3b177d-d47c-373b-1d4a-9a3217e5254f'
INSERT INTO SYS_SERVER VALUES('5d3b177d-d47c-373b-1d4a-9a3217e5254f','2018-04-18 21:21:44.821000',NULL,'2018-04-20 11:46:12.759000',NULL,'localhost:8080/app-core',TRUE,NULL)
COMMIT
DELETE FROM SYS_SERVER WHERE ID='5d3b177d-d47c-373b-1d4a-9a3217e5254f'
INSERT INTO SYS_SERVER VALUES('5d3b177d-d47c-373b-1d4a-9a3217e5254f','2018-04-18 21:21:44.821000',NULL,'2018-04-20 11:47:12.760000',NULL,'localhost:8080/app-core',TRUE,NULL)
COMMIT
DELETE FROM SYS_SERVER WHERE ID='5d3b177d-d47c-373b-1d4a-9a3217e5254f'
INSERT INTO SYS_SERVER VALUES('5d3b177d-d47c-373b-1d4a-9a3217e5254f','2018-04-18 21:21:44.821000',NULL,'2018-04-20 11:48:12.760000',NULL,'localhost:8080/app-core',TRUE,NULL)
COMMIT
DELETE FROM SYS_SERVER WHERE ID='5d3b177d-d47c-373b-1d4a-9a3217e5254f'
INSERT INTO SYS_SERVER VALUES('5d3b177d-d47c-373b-1d4a-9a3217e5254f','2018-04-18 21:21:44.821000',NULL,'2018-04-20 11:49:12.760000',NULL,'localhost:8080/app-core',TRUE,NULL)
COMMIT
DELETE FROM SYS_SERVER WHERE ID='5d3b177d-d47c-373b-1d4a-9a3217e5254f'
INSERT INTO SYS_SERVER VALUES('5d3b177d-d47c-373b-1d4a-9a3217e5254f','2018-04-18 21:21:44.821000',NULL,'2018-04-20 11:50:12.762000',NULL,'localhost:8080/app-core',TRUE,NULL)
COMMIT
DELETE FROM SYS_SERVER WHERE ID='5d3b177d-d47c-373b-1d4a-9a3217e5254f'
INSERT INTO SYS_SERVER VALUES('5d3b177d-d47c-373b-1d4a-9a3217e5254f','2018-04-18 21:21:44.821000',NULL,'2018-04-20 11:51:12.767000',NULL,'localhost:8080/app-core',TRUE,NULL)
COMMIT
DELETE FROM SYS_SERVER WHERE ID='5d3b177d-d47c-373b-1d4a-9a3217e5254f'
INSERT INTO SYS_SERVER VALUES('5d3b177d-d47c-373b-1d4a-9a3217e5254f','2018-04-18 21:21:44.821000',NULL,'2018-04-20 11:52:12.772000',NULL,'localhost:8080/app-core',TRUE,NULL)
COMMIT
DELETE FROM SYS_SERVER WHERE ID='5d3b177d-d47c-373b-1d4a-9a3217e5254f'
INSERT INTO SYS_SERVER VALUES('5d3b177d-d47c-373b-1d4a-9a3217e5254f','2018-04-18 21:21:44.821000',NULL,'2018-04-20 11:53:12.777000',NULL,'localhost:8080/app-core',TRUE,NULL)
COMMIT
DELETE FROM SYS_SERVER WHERE ID='5d3b177d-d47c-373b-1d4a-9a3217e5254f'
INSERT INTO SYS_SERVER VALUES('5d3b177d-d47c-373b-1d4a-9a3217e5254f','2018-04-18 21:21:44.821000',NULL,'2018-04-20 11:54:12.782000',NULL,'localhost:8080/app-core',TRUE,NULL)
COMMIT
DELETE FROM SYS_SERVER WHERE ID='5d3b177d-d47c-373b-1d4a-9a3217e5254f'
INSERT INTO SYS_SERVER VALUES('5d3b177d-d47c-373b-1d4a-9a3217e5254f','2018-04-18 21:21:44.821000',NULL,'2018-04-20 11:55:12.785000',NULL,'localhost:8080/app-core',TRUE,NULL)
COMMIT
DELETE FROM SYS_SERVER WHERE ID='5d3b177d-d47c-373b-1d4a-9a3217e5254f'
INSERT INTO SYS_SERVER VALUES('5d3b177d-d47c-373b-1d4a-9a3217e5254f','2018-04-18 21:21:44.821000',NULL,'2018-04-20 11:56:12.787000',NULL,'localhost:8080/app-core',TRUE,NULL)
COMMIT
DELETE FROM SYS_SERVER WHERE ID='5d3b177d-d47c-373b-1d4a-9a3217e5254f'
INSERT INTO SYS_SERVER VALUES('5d3b177d-d47c-373b-1d4a-9a3217e5254f','2018-04-18 21:21:44.821000',NULL,'2018-04-20 11:57:12.789000',NULL,'localhost:8080/app-core',TRUE,NULL)
COMMIT
DELETE FROM SYS_SERVER WHERE ID='5d3b177d-d47c-373b-1d4a-9a3217e5254f'
INSERT INTO SYS_SERVER VALUES('5d3b177d-d47c-373b-1d4a-9a3217e5254f','2018-04-18 21:21:44.821000',NULL,'2018-04-20 11:58:12.792000',NULL,'localhost:8080/app-core',TRUE,NULL)
COMMIT
DELETE FROM SYS_SERVER WHERE ID='5d3b177d-d47c-373b-1d4a-9a3217e5254f'
INSERT INTO SYS_SERVER VALUES('5d3b177d-d47c-373b-1d4a-9a3217e5254f','2018-04-18 21:21:44.821000',NULL,'2018-04-20 11:59:12.795000',NULL,'localhost:8080/app-core',TRUE,NULL)
COMMIT
DELETE FROM SYS_SERVER WHERE ID='5d3b177d-d47c-373b-1d4a-9a3217e5254f'
INSERT INTO SYS_SERVER VALUES('5d3b177d-d47c-373b-1d4a-9a3217e5254f','2018-04-18 21:21:44.821000',NULL,'2018-04-20 12:00:12.800000',NULL,'localhost:8080/app-core',TRUE,NULL)
COMMIT
DELETE FROM SYS_SERVER WHERE ID='5d3b177d-d47c-373b-1d4a-9a3217e5254f'
INSERT INTO SYS_SERVER VALUES('5d3b177d-d47c-373b-1d4a-9a3217e5254f','2018-04-18 21:21:44.821000',NULL,'2018-04-20 12:01:12.801000',NULL,'localhost:8080/app-core',TRUE,NULL)
COMMIT
DELETE FROM SYS_SERVER WHERE ID='5d3b177d-d47c-373b-1d4a-9a3217e5254f'
INSERT INTO SYS_SERVER VALUES('5d3b177d-d47c-373b-1d4a-9a3217e5254f','2018-04-18 21:21:44.821000',NULL,'2018-04-20 12:02:12.806000',NULL,'localhost:8080/app-core',TRUE,NULL)
COMMIT
DELETE FROM SYS_SERVER WHERE ID='5d3b177d-d47c-373b-1d4a-9a3217e5254f'
INSERT INTO SYS_SERVER VALUES('5d3b177d-d47c-373b-1d4a-9a3217e5254f','2018-04-18 21:21:44.821000',NULL,'2018-04-20 12:03:12.807000',NULL,'localhost:8080/app-core',TRUE,NULL)
COMMIT
DELETE FROM SYS_SERVER WHERE ID='5d3b177d-d47c-373b-1d4a-9a3217e5254f'
INSERT INTO SYS_SERVER VALUES('5d3b177d-d47c-373b-1d4a-9a3217e5254f','2018-04-18 21:21:44.821000',NULL,'2018-04-20 12:04:12.808000',NULL,'localhost:8080/app-core',TRUE,NULL)
COMMIT
DELETE FROM SYS_SERVER WHERE ID='5d3b177d-d47c-373b-1d4a-9a3217e5254f'
INSERT INTO SYS_SERVER VALUES('5d3b177d-d47c-373b-1d4a-9a3217e5254f','2018-04-18 21:21:44.821000',NULL,'2018-04-20 12:05:12.811000',NULL,'localhost:8080/app-core',TRUE,NULL)
COMMIT
DELETE FROM SYS_SERVER WHERE ID='5d3b177d-d47c-373b-1d4a-9a3217e5254f'
INSERT INTO SYS_SERVER VALUES('5d3b177d-d47c-373b-1d4a-9a3217e5254f','2018-04-18 21:21:44.821000',NULL,'2018-04-20 12:06:12.814000',NULL,'localhost:8080/app-core',TRUE,NULL)
COMMIT
DELETE FROM SYS_SERVER WHERE ID='5d3b177d-d47c-373b-1d4a-9a3217e5254f'
INSERT INTO SYS_SERVER VALUES('5d3b177d-d47c-373b-1d4a-9a3217e5254f','2018-04-18 21:21:44.821000',NULL,'2018-04-20 12:07:12.815000',NULL,'localhost:8080/app-core',TRUE,NULL)
COMMIT
DELETE FROM SYS_SERVER WHERE ID='5d3b177d-d47c-373b-1d4a-9a3217e5254f'
INSERT INTO SYS_SERVER VALUES('5d3b177d-d47c-373b-1d4a-9a3217e5254f','2018-04-18 21:21:44.821000',NULL,'2018-04-20 12:08:12.818000',NULL,'localhost:8080/app-core',TRUE,NULL)
COMMIT
DELETE FROM SYS_SERVER WHERE ID='5d3b177d-d47c-373b-1d4a-9a3217e5254f'
INSERT INTO SYS_SERVER VALUES('5d3b177d-d47c-373b-1d4a-9a3217e5254f','2018-04-18 21:21:44.821000',NULL,'2018-04-20 12:09:12.819000',NULL,'localhost:8080/app-core',TRUE,NULL)
COMMIT
DELETE FROM SYS_SERVER WHERE ID='5d3b177d-d47c-373b-1d4a-9a3217e5254f'
INSERT INTO SYS_SERVER VALUES('5d3b177d-d47c-373b-1d4a-9a3217e5254f','2018-04-18 21:21:44.821000',NULL,'2018-04-20 12:10:12.820000',NULL,'localhost:8080/app-core',TRUE,NULL)
COMMIT
DELETE FROM SYS_SERVER WHERE ID='5d3b177d-d47c-373b-1d4a-9a3217e5254f'
INSERT INTO SYS_SERVER VALUES('5d3b177d-d47c-373b-1d4a-9a3217e5254f','2018-04-18 21:21:44.821000',NULL,'2018-04-20 12:11:12.823000',NULL,'localhost:8080/app-core',TRUE,NULL)
COMMIT
DELETE FROM SYS_SERVER WHERE ID='5d3b177d-d47c-373b-1d4a-9a3217e5254f'
INSERT INTO SYS_SERVER VALUES('5d3b177d-d47c-373b-1d4a-9a3217e5254f','2018-04-18 21:21:44.821000',NULL,'2018-04-20 12:12:12.827000',NULL,'localhost:8080/app-core',TRUE,NULL)
COMMIT
DELETE FROM SYS_SERVER WHERE ID='5d3b177d-d47c-373b-1d4a-9a3217e5254f'
INSERT INTO SYS_SERVER VALUES('5d3b177d-d47c-373b-1d4a-9a3217e5254f','2018-04-18 21:21:44.821000',NULL,'2018-04-20 12:13:12.832000',NULL,'localhost:8080/app-core',TRUE,NULL)
COMMIT
DELETE FROM SYS_SERVER WHERE ID='5d3b177d-d47c-373b-1d4a-9a3217e5254f'
INSERT INTO SYS_SERVER VALUES('5d3b177d-d47c-373b-1d4a-9a3217e5254f','2018-04-18 21:21:44.821000',NULL,'2018-04-20 12:14:12.836000',NULL,'localhost:8080/app-core',TRUE,NULL)
COMMIT
DELETE FROM SYS_SERVER WHERE ID='5d3b177d-d47c-373b-1d4a-9a3217e5254f'
INSERT INTO SYS_SERVER VALUES('5d3b177d-d47c-373b-1d4a-9a3217e5254f','2018-04-18 21:21:44.821000',NULL,'2018-04-20 12:15:12.839000',NULL,'localhost:8080/app-core',TRUE,NULL)
COMMIT
DELETE FROM SYS_SERVER WHERE ID='5d3b177d-d47c-373b-1d4a-9a3217e5254f'
INSERT INTO SYS_SERVER VALUES('5d3b177d-d47c-373b-1d4a-9a3217e5254f','2018-04-18 21:21:44.821000',NULL,'2018-04-20 12:16:12.839000',NULL,'localhost:8080/app-core',TRUE,NULL)
COMMIT
DELETE FROM SYS_SERVER WHERE ID='5d3b177d-d47c-373b-1d4a-9a3217e5254f'
INSERT INTO SYS_SERVER VALUES('5d3b177d-d47c-373b-1d4a-9a3217e5254f','2018-04-18 21:21:44.821000',NULL,'2018-04-20 12:17:12.843000',NULL,'localhost:8080/app-core',TRUE,NULL)
COMMIT
DELETE FROM SYS_SERVER WHERE ID='5d3b177d-d47c-373b-1d4a-9a3217e5254f'
INSERT INTO SYS_SERVER VALUES('5d3b177d-d47c-373b-1d4a-9a3217e5254f','2018-04-18 21:21:44.821000',NULL,'2018-04-20 12:18:12.847000',NULL,'localhost:8080/app-core',TRUE,NULL)
COMMIT
DELETE FROM SYS_SERVER WHERE ID='5d3b177d-d47c-373b-1d4a-9a3217e5254f'
INSERT INTO SYS_SERVER VALUES('5d3b177d-d47c-373b-1d4a-9a3217e5254f','2018-04-18 21:21:44.821000',NULL,'2018-04-20 12:19:12.849000',NULL,'localhost:8080/app-core',TRUE,NULL)
COMMIT
DELETE FROM SYS_SERVER WHERE ID='5d3b177d-d47c-373b-1d4a-9a3217e5254f'
INSERT INTO SYS_SERVER VALUES('5d3b177d-d47c-373b-1d4a-9a3217e5254f','2018-04-18 21:21:44.821000',NULL,'2018-04-20 12:20:12.851000',NULL,'localhost:8080/app-core',TRUE,NULL)
COMMIT
DELETE FROM SYS_SERVER WHERE ID='5d3b177d-d47c-373b-1d4a-9a3217e5254f'
INSERT INTO SYS_SERVER VALUES('5d3b177d-d47c-373b-1d4a-9a3217e5254f','2018-04-18 21:21:44.821000',NULL,'2018-04-20 12:21:12.856000',NULL,'localhost:8080/app-core',TRUE,NULL)
COMMIT
DELETE FROM SYS_SERVER WHERE ID='5d3b177d-d47c-373b-1d4a-9a3217e5254f'
INSERT INTO SYS_SERVER VALUES('5d3b177d-d47c-373b-1d4a-9a3217e5254f','2018-04-18 21:21:44.821000',NULL,'2018-04-20 12:22:12.858000',NULL,'localhost:8080/app-core',TRUE,NULL)
COMMIT
DELETE FROM SYS_SERVER WHERE ID='5d3b177d-d47c-373b-1d4a-9a3217e5254f'
INSERT INTO SYS_SERVER VALUES('5d3b177d-d47c-373b-1d4a-9a3217e5254f','2018-04-18 21:21:44.821000',NULL,'2018-04-20 12:23:12.862000',NULL,'localhost:8080/app-core',TRUE,NULL)
COMMIT
DELETE FROM SYS_SERVER WHERE ID='5d3b177d-d47c-373b-1d4a-9a3217e5254f'
INSERT INTO SYS_SERVER VALUES('5d3b177d-d47c-373b-1d4a-9a3217e5254f','2018-04-18 21:21:44.821000',NULL,'2018-04-20 12:24:12.863000',NULL,'localhost:8080/app-core',TRUE,NULL)
COMMIT
DELETE FROM SYS_SERVER WHERE ID='5d3b177d-d47c-373b-1d4a-9a3217e5254f'
INSERT INTO SYS_SERVER VALUES('5d3b177d-d47c-373b-1d4a-9a3217e5254f','2018-04-18 21:21:44.821000',NULL,'2018-04-20 12:25:12.865000',NULL,'localhost:8080/app-core',TRUE,NULL)
COMMIT
DELETE FROM SYS_SERVER WHERE ID='5d3b177d-d47c-373b-1d4a-9a3217e5254f'
INSERT INTO SYS_SERVER VALUES('5d3b177d-d47c-373b-1d4a-9a3217e5254f','2018-04-18 21:21:44.821000',NULL,'2018-04-20 12:26:12.870000',NULL,'localhost:8080/app-core',TRUE,NULL)
COMMIT
DELETE FROM SYS_SERVER WHERE ID='5d3b177d-d47c-373b-1d4a-9a3217e5254f'
INSERT INTO SYS_SERVER VALUES('5d3b177d-d47c-373b-1d4a-9a3217e5254f','2018-04-18 21:21:44.821000',NULL,'2018-04-20 12:27:12.875000',NULL,'localhost:8080/app-core',TRUE,NULL)
COMMIT
DELETE FROM SYS_SERVER WHERE ID='5d3b177d-d47c-373b-1d4a-9a3217e5254f'
INSERT INTO SYS_SERVER VALUES('5d3b177d-d47c-373b-1d4a-9a3217e5254f','2018-04-18 21:21:44.821000',NULL,'2018-04-20 12:28:12.878000',NULL,'localhost:8080/app-core',TRUE,NULL)
COMMIT
DELETE FROM SYS_SERVER WHERE ID='5d3b177d-d47c-373b-1d4a-9a3217e5254f'
INSERT INTO SYS_SERVER VALUES('5d3b177d-d47c-373b-1d4a-9a3217e5254f','2018-04-18 21:21:44.821000',NULL,'2018-04-20 12:29:12.878000',NULL,'localhost:8080/app-core',TRUE,NULL)
COMMIT
DELETE FROM SYS_SERVER WHERE ID='5d3b177d-d47c-373b-1d4a-9a3217e5254f'
INSERT INTO SYS_SERVER VALUES('5d3b177d-d47c-373b-1d4a-9a3217e5254f','2018-04-18 21:21:44.821000',NULL,'2018-04-20 12:30:12.882000',NULL,'localhost:8080/app-core',TRUE,NULL)
COMMIT
DELETE FROM SYS_SERVER WHERE ID='5d3b177d-d47c-373b-1d4a-9a3217e5254f'
INSERT INTO SYS_SERVER VALUES('5d3b177d-d47c-373b-1d4a-9a3217e5254f','2018-04-18 21:21:44.821000',NULL,'2018-04-20 12:31:12.886000',NULL,'localhost:8080/app-core',TRUE,NULL)
COMMIT
DELETE FROM SYS_SERVER WHERE ID='5d3b177d-d47c-373b-1d4a-9a3217e5254f'
INSERT INTO SYS_SERVER VALUES('5d3b177d-d47c-373b-1d4a-9a3217e5254f','2018-04-18 21:21:44.821000',NULL,'2018-04-20 12:32:12.889000',NULL,'localhost:8080/app-core',TRUE,NULL)
COMMIT
DELETE FROM SYS_SERVER WHERE ID='5d3b177d-d47c-373b-1d4a-9a3217e5254f'
INSERT INTO SYS_SERVER VALUES('5d3b177d-d47c-373b-1d4a-9a3217e5254f','2018-04-18 21:21:44.821000',NULL,'2018-04-20 12:33:12.889000',NULL,'localhost:8080/app-core',TRUE,NULL)
COMMIT
DELETE FROM SYS_SERVER WHERE ID='5d3b177d-d47c-373b-1d4a-9a3217e5254f'
INSERT INTO SYS_SERVER VALUES('5d3b177d-d47c-373b-1d4a-9a3217e5254f','2018-04-18 21:21:44.821000',NULL,'2018-04-20 12:34:12.892000',NULL,'localhost:8080/app-core',TRUE,NULL)
COMMIT
DELETE FROM SYS_SERVER WHERE ID='5d3b177d-d47c-373b-1d4a-9a3217e5254f'
INSERT INTO SYS_SERVER VALUES('5d3b177d-d47c-373b-1d4a-9a3217e5254f','2018-04-18 21:21:44.821000',NULL,'2018-04-20 12:35:12.897000',NULL,'localhost:8080/app-core',TRUE,NULL)
COMMIT
DELETE FROM SYS_SERVER WHERE ID='5d3b177d-d47c-373b-1d4a-9a3217e5254f'
INSERT INTO SYS_SERVER VALUES('5d3b177d-d47c-373b-1d4a-9a3217e5254f','2018-04-18 21:21:44.821000',NULL,'2018-04-20 12:36:12.904000',NULL,'localhost:8080/app-core',TRUE,NULL)
COMMIT
DELETE FROM SYS_SERVER WHERE ID='5d3b177d-d47c-373b-1d4a-9a3217e5254f'
INSERT INTO SYS_SERVER VALUES('5d3b177d-d47c-373b-1d4a-9a3217e5254f','2018-04-18 21:21:44.821000',NULL,'2018-04-20 12:37:12.905000',NULL,'localhost:8080/app-core',TRUE,NULL)
COMMIT
DELETE FROM SYS_SERVER WHERE ID='5d3b177d-d47c-373b-1d4a-9a3217e5254f'
INSERT INTO SYS_SERVER VALUES('5d3b177d-d47c-373b-1d4a-9a3217e5254f','2018-04-18 21:21:44.821000',NULL,'2018-04-20 12:38:12.908000',NULL,'localhost:8080/app-core',TRUE,NULL)
COMMIT
DELETE FROM SYS_SERVER WHERE ID='5d3b177d-d47c-373b-1d4a-9a3217e5254f'
INSERT INTO SYS_SERVER VALUES('5d3b177d-d47c-373b-1d4a-9a3217e5254f','2018-04-18 21:21:44.821000',NULL,'2018-04-20 12:39:12.911000',NULL,'localhost:8080/app-core',TRUE,NULL)
COMMIT
DELETE FROM SYS_SERVER WHERE ID='5d3b177d-d47c-373b-1d4a-9a3217e5254f'
INSERT INTO SYS_SERVER VALUES('5d3b177d-d47c-373b-1d4a-9a3217e5254f','2018-04-18 21:21:44.821000',NULL,'2018-04-20 12:40:12.921000',NULL,'localhost:8080/app-core',TRUE,NULL)
COMMIT
DELETE FROM SYS_SERVER WHERE ID='5d3b177d-d47c-373b-1d4a-9a3217e5254f'
INSERT INTO SYS_SERVER VALUES('5d3b177d-d47c-373b-1d4a-9a3217e5254f','2018-04-18 21:21:44.821000',NULL,'2018-04-20 12:41:12.924000',NULL,'localhost:8080/app-core',TRUE,NULL)
COMMIT
DELETE FROM SYS_SERVER WHERE ID='5d3b177d-d47c-373b-1d4a-9a3217e5254f'
INSERT INTO SYS_SERVER VALUES('5d3b177d-d47c-373b-1d4a-9a3217e5254f','2018-04-18 21:21:44.821000',NULL,'2018-04-20 12:42:12.925000',NULL,'localhost:8080/app-core',TRUE,NULL)
COMMIT
DELETE FROM SYS_SERVER WHERE ID='5d3b177d-d47c-373b-1d4a-9a3217e5254f'
INSERT INTO SYS_SERVER VALUES('5d3b177d-d47c-373b-1d4a-9a3217e5254f','2018-04-18 21:21:44.821000',NULL,'2018-04-20 12:43:12.930000',NULL,'localhost:8080/app-core',TRUE,NULL)
COMMIT
DELETE FROM SYS_SERVER WHERE ID='5d3b177d-d47c-373b-1d4a-9a3217e5254f'
INSERT INTO SYS_SERVER VALUES('5d3b177d-d47c-373b-1d4a-9a3217e5254f','2018-04-18 21:21:44.821000',NULL,'2018-04-20 12:44:12.933000',NULL,'localhost:8080/app-core',TRUE,NULL)
COMMIT
DELETE FROM SYS_SERVER WHERE ID='5d3b177d-d47c-373b-1d4a-9a3217e5254f'
INSERT INTO SYS_SERVER VALUES('5d3b177d-d47c-373b-1d4a-9a3217e5254f','2018-04-18 21:21:44.821000',NULL,'2018-04-20 12:45:12.934000',NULL,'localhost:8080/app-core',TRUE,NULL)
COMMIT
DELETE FROM SYS_SERVER WHERE ID='5d3b177d-d47c-373b-1d4a-9a3217e5254f'
INSERT INTO SYS_SERVER VALUES('5d3b177d-d47c-373b-1d4a-9a3217e5254f','2018-04-18 21:21:44.821000',NULL,'2018-04-20 12:46:12.944000',NULL,'localhost:8080/app-core',TRUE,NULL)
COMMIT
DELETE FROM SYS_SERVER WHERE ID='5d3b177d-d47c-373b-1d4a-9a3217e5254f'
INSERT INTO SYS_SERVER VALUES('5d3b177d-d47c-373b-1d4a-9a3217e5254f','2018-04-18 21:21:44.821000',NULL,'2018-04-20 12:47:12.950000',NULL,'localhost:8080/app-core',TRUE,NULL)
COMMIT
DELETE FROM SYS_SERVER WHERE ID='5d3b177d-d47c-373b-1d4a-9a3217e5254f'
INSERT INTO SYS_SERVER VALUES('5d3b177d-d47c-373b-1d4a-9a3217e5254f','2018-04-18 21:21:44.821000',NULL,'2018-04-20 12:48:12.951000',NULL,'localhost:8080/app-core',TRUE,NULL)
COMMIT
DELETE FROM SYS_SERVER WHERE ID='5d3b177d-d47c-373b-1d4a-9a3217e5254f'
INSERT INTO SYS_SERVER VALUES('5d3b177d-d47c-373b-1d4a-9a3217e5254f','2018-04-18 21:21:44.821000',NULL,'2018-04-20 12:49:12.956000',NULL,'localhost:8080/app-core',TRUE,NULL)
COMMIT
DELETE FROM SYS_SERVER WHERE ID='5d3b177d-d47c-373b-1d4a-9a3217e5254f'
INSERT INTO SYS_SERVER VALUES('5d3b177d-d47c-373b-1d4a-9a3217e5254f','2018-04-18 21:21:44.821000',NULL,'2018-04-20 12:50:12.961000',NULL,'localhost:8080/app-core',TRUE,NULL)
COMMIT
DELETE FROM SYS_SERVER WHERE ID='5d3b177d-d47c-373b-1d4a-9a3217e5254f'
INSERT INTO SYS_SERVER VALUES('5d3b177d-d47c-373b-1d4a-9a3217e5254f','2018-04-18 21:21:44.821000',NULL,'2018-04-20 13:07:40.051000',NULL,'localhost:8080/app-core',TRUE,NULL)
COMMIT
DELETE FROM SYS_SERVER WHERE ID='5d3b177d-d47c-373b-1d4a-9a3217e5254f'
INSERT INTO SYS_SERVER VALUES('5d3b177d-d47c-373b-1d4a-9a3217e5254f','2018-04-18 21:21:44.821000',NULL,'2018-04-20 13:16:53.521000',NULL,'localhost:8080/app-core',TRUE,NULL)
COMMIT
DELETE FROM SYS_SERVER WHERE ID='5d3b177d-d47c-373b-1d4a-9a3217e5254f'
INSERT INTO SYS_SERVER VALUES('5d3b177d-d47c-373b-1d4a-9a3217e5254f','2018-04-18 21:21:44.821000',NULL,'2018-04-20 13:17:53.526000',NULL,'localhost:8080/app-core',TRUE,NULL)
COMMIT
DELETE FROM SYS_SERVER WHERE ID='5d3b177d-d47c-373b-1d4a-9a3217e5254f'
INSERT INTO SYS_SERVER VALUES('5d3b177d-d47c-373b-1d4a-9a3217e5254f','2018-04-18 21:21:44.821000',NULL,'2018-04-20 13:18:53.529000',NULL,'localhost:8080/app-core',TRUE,NULL)
COMMIT
DELETE FROM SYS_SERVER WHERE ID='5d3b177d-d47c-373b-1d4a-9a3217e5254f'
INSERT INTO SYS_SERVER VALUES('5d3b177d-d47c-373b-1d4a-9a3217e5254f','2018-04-18 21:21:44.821000',NULL,'2018-04-20 13:19:53.530000',NULL,'localhost:8080/app-core',TRUE,NULL)
COMMIT
DELETE FROM SYS_SERVER WHERE ID='5d3b177d-d47c-373b-1d4a-9a3217e5254f'
INSERT INTO SYS_SERVER VALUES('5d3b177d-d47c-373b-1d4a-9a3217e5254f','2018-04-18 21:21:44.821000',NULL,'2018-04-20 13:20:53.534000',NULL,'localhost:8080/app-core',TRUE,NULL)
COMMIT
DELETE FROM SYS_SERVER WHERE ID='5d3b177d-d47c-373b-1d4a-9a3217e5254f'
INSERT INTO SYS_SERVER VALUES('5d3b177d-d47c-373b-1d4a-9a3217e5254f','2018-04-18 21:21:44.821000',NULL,'2018-04-20 13:21:53.538000',NULL,'localhost:8080/app-core',TRUE,NULL)
COMMIT
DELETE FROM SYS_SERVER WHERE ID='5d3b177d-d47c-373b-1d4a-9a3217e5254f'
INSERT INTO SYS_SERVER VALUES('5d3b177d-d47c-373b-1d4a-9a3217e5254f','2018-04-18 21:21:44.821000',NULL,'2018-04-20 13:22:53.541000',NULL,'localhost:8080/app-core',TRUE,NULL)
COMMIT
DELETE FROM SYS_SERVER WHERE ID='5d3b177d-d47c-373b-1d4a-9a3217e5254f'
INSERT INTO SYS_SERVER VALUES('5d3b177d-d47c-373b-1d4a-9a3217e5254f','2018-04-18 21:21:44.821000',NULL,'2018-04-20 13:23:53.545000',NULL,'localhost:8080/app-core',TRUE,NULL)
COMMIT
DELETE FROM SYS_SERVER WHERE ID='5d3b177d-d47c-373b-1d4a-9a3217e5254f'
INSERT INTO SYS_SERVER VALUES('5d3b177d-d47c-373b-1d4a-9a3217e5254f','2018-04-18 21:21:44.821000',NULL,'2018-04-20 13:24:53.546000',NULL,'localhost:8080/app-core',TRUE,NULL)
COMMIT
DELETE FROM SYS_SERVER WHERE ID='5d3b177d-d47c-373b-1d4a-9a3217e5254f'
INSERT INTO SYS_SERVER VALUES('5d3b177d-d47c-373b-1d4a-9a3217e5254f','2018-04-18 21:21:44.821000',NULL,'2018-04-20 13:25:53.547000',NULL,'localhost:8080/app-core',TRUE,NULL)
COMMIT
DELETE FROM SYS_SERVER WHERE ID='5d3b177d-d47c-373b-1d4a-9a3217e5254f'
INSERT INTO SYS_SERVER VALUES('5d3b177d-d47c-373b-1d4a-9a3217e5254f','2018-04-18 21:21:44.821000',NULL,'2018-04-20 13:26:53.549000',NULL,'localhost:8080/app-core',TRUE,NULL)
COMMIT
DELETE FROM SYS_SERVER WHERE ID='5d3b177d-d47c-373b-1d4a-9a3217e5254f'
INSERT INTO SYS_SERVER VALUES('5d3b177d-d47c-373b-1d4a-9a3217e5254f','2018-04-18 21:21:44.821000',NULL,'2018-04-20 13:27:53.553000',NULL,'localhost:8080/app-core',TRUE,NULL)
COMMIT
DELETE FROM SYS_SERVER WHERE ID='5d3b177d-d47c-373b-1d4a-9a3217e5254f'
INSERT INTO SYS_SERVER VALUES('5d3b177d-d47c-373b-1d4a-9a3217e5254f','2018-04-18 21:21:44.821000',NULL,'2018-04-20 13:28:53.559000',NULL,'localhost:8080/app-core',TRUE,NULL)
COMMIT
DELETE FROM SYS_SERVER WHERE ID='5d3b177d-d47c-373b-1d4a-9a3217e5254f'
INSERT INTO SYS_SERVER VALUES('5d3b177d-d47c-373b-1d4a-9a3217e5254f','2018-04-18 21:21:44.821000',NULL,'2018-04-20 13:29:53.562000',NULL,'localhost:8080/app-core',TRUE,NULL)
COMMIT
DELETE FROM SYS_SERVER WHERE ID='5d3b177d-d47c-373b-1d4a-9a3217e5254f'
INSERT INTO SYS_SERVER VALUES('5d3b177d-d47c-373b-1d4a-9a3217e5254f','2018-04-18 21:21:44.821000',NULL,'2018-04-20 13:30:53.563000',NULL,'localhost:8080/app-core',TRUE,NULL)
COMMIT
DELETE FROM SYS_SERVER WHERE ID='5d3b177d-d47c-373b-1d4a-9a3217e5254f'
INSERT INTO SYS_SERVER VALUES('5d3b177d-d47c-373b-1d4a-9a3217e5254f','2018-04-18 21:21:44.821000',NULL,'2018-04-20 13:31:53.565000',NULL,'localhost:8080/app-core',TRUE,NULL)
COMMIT
DELETE FROM SYS_SERVER WHERE ID='5d3b177d-d47c-373b-1d4a-9a3217e5254f'
INSERT INTO SYS_SERVER VALUES('5d3b177d-d47c-373b-1d4a-9a3217e5254f','2018-04-18 21:21:44.821000',NULL,'2018-04-20 13:32:53.569000',NULL,'localhost:8080/app-core',TRUE,NULL)
COMMIT
DELETE FROM SYS_SERVER WHERE ID='5d3b177d-d47c-373b-1d4a-9a3217e5254f'
INSERT INTO SYS_SERVER VALUES('5d3b177d-d47c-373b-1d4a-9a3217e5254f','2018-04-18 21:21:44.821000',NULL,'2018-04-20 13:33:53.573000',NULL,'localhost:8080/app-core',TRUE,NULL)
COMMIT
DELETE FROM SYS_SERVER WHERE ID='5d3b177d-d47c-373b-1d4a-9a3217e5254f'
INSERT INTO SYS_SERVER VALUES('5d3b177d-d47c-373b-1d4a-9a3217e5254f','2018-04-18 21:21:44.821000',NULL,'2018-04-20 13:34:53.578000',NULL,'localhost:8080/app-core',TRUE,NULL)
COMMIT
DELETE FROM SYS_SERVER WHERE ID='5d3b177d-d47c-373b-1d4a-9a3217e5254f'
INSERT INTO SYS_SERVER VALUES('5d3b177d-d47c-373b-1d4a-9a3217e5254f','2018-04-18 21:21:44.821000',NULL,'2018-04-20 13:35:53.584000',NULL,'localhost:8080/app-core',TRUE,NULL)
COMMIT
DELETE FROM SYS_SERVER WHERE ID='5d3b177d-d47c-373b-1d4a-9a3217e5254f'
INSERT INTO SYS_SERVER VALUES('5d3b177d-d47c-373b-1d4a-9a3217e5254f','2018-04-18 21:21:44.821000',NULL,'2018-04-20 13:36:53.588000',NULL,'localhost:8080/app-core',TRUE,NULL)
COMMIT
DELETE FROM SYS_SERVER WHERE ID='5d3b177d-d47c-373b-1d4a-9a3217e5254f'
INSERT INTO SYS_SERVER VALUES('5d3b177d-d47c-373b-1d4a-9a3217e5254f','2018-04-18 21:21:44.821000',NULL,'2018-04-20 13:37:53.590000',NULL,'localhost:8080/app-core',TRUE,NULL)
COMMIT
DELETE FROM SYS_SERVER WHERE ID='5d3b177d-d47c-373b-1d4a-9a3217e5254f'
INSERT INTO SYS_SERVER VALUES('5d3b177d-d47c-373b-1d4a-9a3217e5254f','2018-04-18 21:21:44.821000',NULL,'2018-04-20 13:38:53.592000',NULL,'localhost:8080/app-core',TRUE,NULL)
COMMIT
DELETE FROM SYS_SERVER WHERE ID='5d3b177d-d47c-373b-1d4a-9a3217e5254f'
INSERT INTO SYS_SERVER VALUES('5d3b177d-d47c-373b-1d4a-9a3217e5254f','2018-04-18 21:21:44.821000',NULL,'2018-04-20 13:39:53.593000',NULL,'localhost:8080/app-core',TRUE,NULL)
COMMIT
DELETE FROM SYS_SERVER WHERE ID='5d3b177d-d47c-373b-1d4a-9a3217e5254f'
INSERT INTO SYS_SERVER VALUES('5d3b177d-d47c-373b-1d4a-9a3217e5254f','2018-04-18 21:21:44.821000',NULL,'2018-04-20 13:40:53.596000',NULL,'localhost:8080/app-core',TRUE,NULL)
COMMIT
DELETE FROM SYS_SERVER WHERE ID='5d3b177d-d47c-373b-1d4a-9a3217e5254f'
INSERT INTO SYS_SERVER VALUES('5d3b177d-d47c-373b-1d4a-9a3217e5254f','2018-04-18 21:21:44.821000',NULL,'2018-04-20 13:41:53.600000',NULL,'localhost:8080/app-core',TRUE,NULL)
COMMIT
DELETE FROM SYS_SERVER WHERE ID='5d3b177d-d47c-373b-1d4a-9a3217e5254f'
INSERT INTO SYS_SERVER VALUES('5d3b177d-d47c-373b-1d4a-9a3217e5254f','2018-04-18 21:21:44.821000',NULL,'2018-04-20 13:42:53.603000',NULL,'localhost:8080/app-core',TRUE,NULL)
COMMIT
DELETE FROM SYS_SERVER WHERE ID='5d3b177d-d47c-373b-1d4a-9a3217e5254f'
INSERT INTO SYS_SERVER VALUES('5d3b177d-d47c-373b-1d4a-9a3217e5254f','2018-04-18 21:21:44.821000',NULL,'2018-04-20 13:43:53.603000',NULL,'localhost:8080/app-core',TRUE,NULL)
COMMIT
DELETE FROM SYS_SERVER WHERE ID='5d3b177d-d47c-373b-1d4a-9a3217e5254f'
INSERT INTO SYS_SERVER VALUES('5d3b177d-d47c-373b-1d4a-9a3217e5254f','2018-04-18 21:21:44.821000',NULL,'2018-04-20 13:44:53.606000',NULL,'localhost:8080/app-core',TRUE,NULL)
COMMIT
DELETE FROM SYS_SERVER WHERE ID='5d3b177d-d47c-373b-1d4a-9a3217e5254f'
INSERT INTO SYS_SERVER VALUES('5d3b177d-d47c-373b-1d4a-9a3217e5254f','2018-04-18 21:21:44.821000',NULL,'2018-04-20 13:45:53.611000',NULL,'localhost:8080/app-core',TRUE,NULL)
COMMIT
DELETE FROM SYS_SERVER WHERE ID='5d3b177d-d47c-373b-1d4a-9a3217e5254f'
INSERT INTO SYS_SERVER VALUES('5d3b177d-d47c-373b-1d4a-9a3217e5254f','2018-04-18 21:21:44.821000',NULL,'2018-04-20 13:46:53.616000',NULL,'localhost:8080/app-core',TRUE,NULL)
COMMIT
DELETE FROM SYS_SERVER WHERE ID='5d3b177d-d47c-373b-1d4a-9a3217e5254f'
INSERT INTO SYS_SERVER VALUES('5d3b177d-d47c-373b-1d4a-9a3217e5254f','2018-04-18 21:21:44.821000',NULL,'2018-04-20 13:47:53.620000',NULL,'localhost:8080/app-core',TRUE,NULL)
COMMIT
DELETE FROM SYS_SERVER WHERE ID='5d3b177d-d47c-373b-1d4a-9a3217e5254f'
INSERT INTO SYS_SERVER VALUES('5d3b177d-d47c-373b-1d4a-9a3217e5254f','2018-04-18 21:21:44.821000',NULL,'2018-04-20 13:48:53.622000',NULL,'localhost:8080/app-core',TRUE,NULL)
COMMIT
DELETE FROM SYS_SERVER WHERE ID='5d3b177d-d47c-373b-1d4a-9a3217e5254f'
INSERT INTO SYS_SERVER VALUES('5d3b177d-d47c-373b-1d4a-9a3217e5254f','2018-04-18 21:21:44.821000',NULL,'2018-04-20 13:49:53.627000',NULL,'localhost:8080/app-core',TRUE,NULL)
COMMIT
DELETE FROM SYS_SERVER WHERE ID='5d3b177d-d47c-373b-1d4a-9a3217e5254f'
INSERT INTO SYS_SERVER VALUES('5d3b177d-d47c-373b-1d4a-9a3217e5254f','2018-04-18 21:21:44.821000',NULL,'2018-04-20 13:50:53.631000',NULL,'localhost:8080/app-core',TRUE,NULL)
COMMIT
DELETE FROM SYS_SERVER WHERE ID='5d3b177d-d47c-373b-1d4a-9a3217e5254f'
INSERT INTO SYS_SERVER VALUES('5d3b177d-d47c-373b-1d4a-9a3217e5254f','2018-04-18 21:21:44.821000',NULL,'2018-04-20 13:51:53.635000',NULL,'localhost:8080/app-core',TRUE,NULL)
COMMIT
DELETE FROM SYS_SERVER WHERE ID='5d3b177d-d47c-373b-1d4a-9a3217e5254f'
INSERT INTO SYS_SERVER VALUES('5d3b177d-d47c-373b-1d4a-9a3217e5254f','2018-04-18 21:21:44.821000',NULL,'2018-04-20 13:52:53.638000',NULL,'localhost:8080/app-core',TRUE,NULL)
COMMIT
DELETE FROM SYS_SERVER WHERE ID='5d3b177d-d47c-373b-1d4a-9a3217e5254f'
INSERT INTO SYS_SERVER VALUES('5d3b177d-d47c-373b-1d4a-9a3217e5254f','2018-04-18 21:21:44.821000',NULL,'2018-04-20 13:53:53.641000',NULL,'localhost:8080/app-core',TRUE,NULL)
COMMIT
DELETE FROM SYS_SERVER WHERE ID='5d3b177d-d47c-373b-1d4a-9a3217e5254f'
INSERT INTO SYS_SERVER VALUES('5d3b177d-d47c-373b-1d4a-9a3217e5254f','2018-04-18 21:21:44.821000',NULL,'2018-04-20 13:54:53.643000',NULL,'localhost:8080/app-core',TRUE,NULL)
COMMIT
DELETE FROM SYS_SERVER WHERE ID='5d3b177d-d47c-373b-1d4a-9a3217e5254f'
INSERT INTO SYS_SERVER VALUES('5d3b177d-d47c-373b-1d4a-9a3217e5254f','2018-04-18 21:21:44.821000',NULL,'2018-04-20 13:55:53.643000',NULL,'localhost:8080/app-core',TRUE,NULL)
COMMIT
DELETE FROM SYS_SERVER WHERE ID='5d3b177d-d47c-373b-1d4a-9a3217e5254f'
INSERT INTO SYS_SERVER VALUES('5d3b177d-d47c-373b-1d4a-9a3217e5254f','2018-04-18 21:21:44.821000',NULL,'2018-04-20 13:56:53.648000',NULL,'localhost:8080/app-core',TRUE,NULL)
COMMIT
DELETE FROM SYS_SERVER WHERE ID='5d3b177d-d47c-373b-1d4a-9a3217e5254f'
INSERT INTO SYS_SERVER VALUES('5d3b177d-d47c-373b-1d4a-9a3217e5254f','2018-04-18 21:21:44.821000',NULL,'2018-04-20 13:57:53.648000',NULL,'localhost:8080/app-core',TRUE,NULL)
COMMIT
DELETE FROM SYS_SERVER WHERE ID='5d3b177d-d47c-373b-1d4a-9a3217e5254f'
INSERT INTO SYS_SERVER VALUES('5d3b177d-d47c-373b-1d4a-9a3217e5254f','2018-04-18 21:21:44.821000',NULL,'2018-04-20 13:58:53.654000',NULL,'localhost:8080/app-core',TRUE,NULL)
COMMIT
DELETE FROM SYS_SERVER WHERE ID='5d3b177d-d47c-373b-1d4a-9a3217e5254f'
INSERT INTO SYS_SERVER VALUES('5d3b177d-d47c-373b-1d4a-9a3217e5254f','2018-04-18 21:21:44.821000',NULL,'2018-04-20 13:59:53.656000',NULL,'localhost:8080/app-core',TRUE,NULL)
COMMIT
DELETE FROM SYS_SERVER WHERE ID='5d3b177d-d47c-373b-1d4a-9a3217e5254f'
INSERT INTO SYS_SERVER VALUES('5d3b177d-d47c-373b-1d4a-9a3217e5254f','2018-04-18 21:21:44.821000',NULL,'2018-04-20 14:00:53.658000',NULL,'localhost:8080/app-core',TRUE,NULL)
COMMIT
DELETE FROM SYS_SERVER WHERE ID='5d3b177d-d47c-373b-1d4a-9a3217e5254f'
INSERT INTO SYS_SERVER VALUES('5d3b177d-d47c-373b-1d4a-9a3217e5254f','2018-04-18 21:21:44.821000',NULL,'2018-04-20 14:01:53.661000',NULL,'localhost:8080/app-core',TRUE,NULL)
COMMIT
DELETE FROM SYS_SERVER WHERE ID='5d3b177d-d47c-373b-1d4a-9a3217e5254f'
INSERT INTO SYS_SERVER VALUES('5d3b177d-d47c-373b-1d4a-9a3217e5254f','2018-04-18 21:21:44.821000',NULL,'2018-04-20 14:02:53.666000',NULL,'localhost:8080/app-core',TRUE,NULL)
COMMIT
DELETE FROM SYS_SERVER WHERE ID='5d3b177d-d47c-373b-1d4a-9a3217e5254f'
INSERT INTO SYS_SERVER VALUES('5d3b177d-d47c-373b-1d4a-9a3217e5254f','2018-04-18 21:21:44.821000',NULL,'2018-04-20 14:03:53.672000',NULL,'localhost:8080/app-core',TRUE,NULL)
COMMIT
DELETE FROM SYS_SERVER WHERE ID='5d3b177d-d47c-373b-1d4a-9a3217e5254f'
INSERT INTO SYS_SERVER VALUES('5d3b177d-d47c-373b-1d4a-9a3217e5254f','2018-04-18 21:21:44.821000',NULL,'2018-04-20 14:04:53.673000',NULL,'localhost:8080/app-core',TRUE,NULL)
COMMIT
DELETE FROM SYS_SERVER WHERE ID='5d3b177d-d47c-373b-1d4a-9a3217e5254f'
INSERT INTO SYS_SERVER VALUES('5d3b177d-d47c-373b-1d4a-9a3217e5254f','2018-04-18 21:21:44.821000',NULL,'2018-04-20 14:05:53.676000',NULL,'localhost:8080/app-core',TRUE,NULL)
COMMIT
DELETE FROM SYS_SERVER WHERE ID='5d3b177d-d47c-373b-1d4a-9a3217e5254f'
INSERT INTO SYS_SERVER VALUES('5d3b177d-d47c-373b-1d4a-9a3217e5254f','2018-04-18 21:21:44.821000',NULL,'2018-04-20 14:06:53.679000',NULL,'localhost:8080/app-core',TRUE,NULL)
COMMIT
DELETE FROM SYS_SERVER WHERE ID='5d3b177d-d47c-373b-1d4a-9a3217e5254f'
INSERT INTO SYS_SERVER VALUES('5d3b177d-d47c-373b-1d4a-9a3217e5254f','2018-04-18 21:21:44.821000',NULL,'2018-04-20 14:07:53.680000',NULL,'localhost:8080/app-core',TRUE,NULL)
COMMIT
DELETE FROM SYS_SERVER WHERE ID='5d3b177d-d47c-373b-1d4a-9a3217e5254f'
INSERT INTO SYS_SERVER VALUES('5d3b177d-d47c-373b-1d4a-9a3217e5254f','2018-04-18 21:21:44.821000',NULL,'2018-04-20 14:08:53.684000',NULL,'localhost:8080/app-core',TRUE,NULL)
COMMIT
DELETE FROM SYS_SERVER WHERE ID='5d3b177d-d47c-373b-1d4a-9a3217e5254f'
INSERT INTO SYS_SERVER VALUES('5d3b177d-d47c-373b-1d4a-9a3217e5254f','2018-04-18 21:21:44.821000',NULL,'2018-04-20 14:09:53.687000',NULL,'localhost:8080/app-core',TRUE,NULL)
COMMIT
DELETE FROM SYS_SERVER WHERE ID='5d3b177d-d47c-373b-1d4a-9a3217e5254f'
INSERT INTO SYS_SERVER VALUES('5d3b177d-d47c-373b-1d4a-9a3217e5254f','2018-04-18 21:21:44.821000',NULL,'2018-04-20 14:10:53.687000',NULL,'localhost:8080/app-core',TRUE,NULL)
COMMIT
DELETE FROM SYS_SERVER WHERE ID='5d3b177d-d47c-373b-1d4a-9a3217e5254f'
INSERT INTO SYS_SERVER VALUES('5d3b177d-d47c-373b-1d4a-9a3217e5254f','2018-04-18 21:21:44.821000',NULL,'2018-04-20 14:11:53.690000',NULL,'localhost:8080/app-core',TRUE,NULL)
COMMIT
DELETE FROM SYS_SERVER WHERE ID='5d3b177d-d47c-373b-1d4a-9a3217e5254f'
INSERT INTO SYS_SERVER VALUES('5d3b177d-d47c-373b-1d4a-9a3217e5254f','2018-04-18 21:21:44.821000',NULL,'2018-04-20 14:12:53.694000',NULL,'localhost:8080/app-core',TRUE,NULL)
COMMIT
DELETE FROM SYS_SERVER WHERE ID='5d3b177d-d47c-373b-1d4a-9a3217e5254f'
INSERT INTO SYS_SERVER VALUES('5d3b177d-d47c-373b-1d4a-9a3217e5254f','2018-04-18 21:21:44.821000',NULL,'2018-04-20 14:13:53.697000',NULL,'localhost:8080/app-core',TRUE,NULL)
COMMIT
DELETE FROM SYS_SERVER WHERE ID='5d3b177d-d47c-373b-1d4a-9a3217e5254f'
INSERT INTO SYS_SERVER VALUES('5d3b177d-d47c-373b-1d4a-9a3217e5254f','2018-04-18 21:21:44.821000',NULL,'2018-04-20 14:14:53.702000',NULL,'localhost:8080/app-core',TRUE,NULL)
COMMIT
DELETE FROM SYS_SERVER WHERE ID='5d3b177d-d47c-373b-1d4a-9a3217e5254f'
INSERT INTO SYS_SERVER VALUES('5d3b177d-d47c-373b-1d4a-9a3217e5254f','2018-04-18 21:21:44.821000',NULL,'2018-04-20 14:15:53.707000',NULL,'localhost:8080/app-core',TRUE,NULL)
COMMIT
DELETE FROM SYS_SERVER WHERE ID='5d3b177d-d47c-373b-1d4a-9a3217e5254f'
INSERT INTO SYS_SERVER VALUES('5d3b177d-d47c-373b-1d4a-9a3217e5254f','2018-04-18 21:21:44.821000',NULL,'2018-04-20 14:16:53.708000',NULL,'localhost:8080/app-core',TRUE,NULL)
COMMIT
DELETE FROM SYS_SERVER WHERE ID='5d3b177d-d47c-373b-1d4a-9a3217e5254f'
INSERT INTO SYS_SERVER VALUES('5d3b177d-d47c-373b-1d4a-9a3217e5254f','2018-04-18 21:21:44.821000',NULL,'2018-04-20 14:17:53.712000',NULL,'localhost:8080/app-core',TRUE,NULL)
COMMIT
DELETE FROM SYS_SERVER WHERE ID='5d3b177d-d47c-373b-1d4a-9a3217e5254f'
INSERT INTO SYS_SERVER VALUES('5d3b177d-d47c-373b-1d4a-9a3217e5254f','2018-04-18 21:21:44.821000',NULL,'2018-04-20 14:18:53.714000',NULL,'localhost:8080/app-core',TRUE,NULL)
COMMIT
DELETE FROM SYS_SERVER WHERE ID='5d3b177d-d47c-373b-1d4a-9a3217e5254f'
INSERT INTO SYS_SERVER VALUES('5d3b177d-d47c-373b-1d4a-9a3217e5254f','2018-04-18 21:21:44.821000',NULL,'2018-04-20 14:19:53.718000',NULL,'localhost:8080/app-core',TRUE,NULL)
COMMIT
DELETE FROM SYS_SERVER WHERE ID='5d3b177d-d47c-373b-1d4a-9a3217e5254f'
INSERT INTO SYS_SERVER VALUES('5d3b177d-d47c-373b-1d4a-9a3217e5254f','2018-04-18 21:21:44.821000',NULL,'2018-04-20 14:20:53.718000',NULL,'localhost:8080/app-core',TRUE,NULL)
COMMIT
DELETE FROM SYS_SERVER WHERE ID='5d3b177d-d47c-373b-1d4a-9a3217e5254f'
INSERT INTO SYS_SERVER VALUES('5d3b177d-d47c-373b-1d4a-9a3217e5254f','2018-04-18 21:21:44.821000',NULL,'2018-04-20 14:21:53.720000',NULL,'localhost:8080/app-core',TRUE,NULL)
COMMIT
DELETE FROM SYS_SERVER WHERE ID='5d3b177d-d47c-373b-1d4a-9a3217e5254f'
INSERT INTO SYS_SERVER VALUES('5d3b177d-d47c-373b-1d4a-9a3217e5254f','2018-04-18 21:21:44.821000',NULL,'2018-04-20 14:22:53.720000',NULL,'localhost:8080/app-core',TRUE,NULL)
COMMIT
DELETE FROM SYS_SERVER WHERE ID='5d3b177d-d47c-373b-1d4a-9a3217e5254f'
INSERT INTO SYS_SERVER VALUES('5d3b177d-d47c-373b-1d4a-9a3217e5254f','2018-04-18 21:21:44.821000',NULL,'2018-04-20 14:23:53.721000',NULL,'localhost:8080/app-core',TRUE,NULL)
COMMIT
DELETE FROM SYS_SERVER WHERE ID='5d3b177d-d47c-373b-1d4a-9a3217e5254f'
INSERT INTO SYS_SERVER VALUES('5d3b177d-d47c-373b-1d4a-9a3217e5254f','2018-04-18 21:21:44.821000',NULL,'2018-04-20 14:24:53.731000',NULL,'localhost:8080/app-core',TRUE,NULL)
COMMIT
DELETE FROM SYS_SERVER WHERE ID='5d3b177d-d47c-373b-1d4a-9a3217e5254f'
INSERT INTO SYS_SERVER VALUES('5d3b177d-d47c-373b-1d4a-9a3217e5254f','2018-04-18 21:21:44.821000',NULL,'2018-04-20 14:25:53.735000',NULL,'localhost:8080/app-core',TRUE,NULL)
COMMIT
DELETE FROM SYS_SERVER WHERE ID='5d3b177d-d47c-373b-1d4a-9a3217e5254f'
INSERT INTO SYS_SERVER VALUES('5d3b177d-d47c-373b-1d4a-9a3217e5254f','2018-04-18 21:21:44.821000',NULL,'2018-04-20 14:26:53.743000',NULL,'localhost:8080/app-core',TRUE,NULL)
COMMIT
DELETE FROM SYS_SERVER WHERE ID='5d3b177d-d47c-373b-1d4a-9a3217e5254f'
INSERT INTO SYS_SERVER VALUES('5d3b177d-d47c-373b-1d4a-9a3217e5254f','2018-04-18 21:21:44.821000',NULL,'2018-04-20 14:27:53.748000',NULL,'localhost:8080/app-core',TRUE,NULL)
COMMIT
DELETE FROM SYS_SERVER WHERE ID='5d3b177d-d47c-373b-1d4a-9a3217e5254f'
INSERT INTO SYS_SERVER VALUES('5d3b177d-d47c-373b-1d4a-9a3217e5254f','2018-04-18 21:21:44.821000',NULL,'2018-04-20 14:36:18.794000',NULL,'localhost:8080/app-core',TRUE,NULL)
COMMIT
DELETE FROM SYS_SERVER WHERE ID='5d3b177d-d47c-373b-1d4a-9a3217e5254f'
INSERT INTO SYS_SERVER VALUES('5d3b177d-d47c-373b-1d4a-9a3217e5254f','2018-04-18 21:21:44.821000',NULL,'2018-04-20 14:40:04.804000',NULL,'localhost:8080/app-core',TRUE,NULL)
COMMIT
DELETE FROM SYS_SERVER WHERE ID='5d3b177d-d47c-373b-1d4a-9a3217e5254f'
INSERT INTO SYS_SERVER VALUES('5d3b177d-d47c-373b-1d4a-9a3217e5254f','2018-04-18 21:21:44.821000',NULL,'2018-04-20 14:41:04.806000',NULL,'localhost:8080/app-core',TRUE,NULL)
COMMIT
DELETE FROM SYS_SERVER WHERE ID='5d3b177d-d47c-373b-1d4a-9a3217e5254f'
INSERT INTO SYS_SERVER VALUES('5d3b177d-d47c-373b-1d4a-9a3217e5254f','2018-04-18 21:21:44.821000',NULL,'2018-04-20 14:42:04.807000',NULL,'localhost:8080/app-core',TRUE,NULL)
COMMIT
DELETE FROM SYS_SERVER WHERE ID='5d3b177d-d47c-373b-1d4a-9a3217e5254f'
INSERT INTO SYS_SERVER VALUES('5d3b177d-d47c-373b-1d4a-9a3217e5254f','2018-04-18 21:21:44.821000',NULL,'2018-04-20 14:43:04.811000',NULL,'localhost:8080/app-core',TRUE,NULL)
COMMIT
DELETE FROM SYS_SERVER WHERE ID='5d3b177d-d47c-373b-1d4a-9a3217e5254f'
INSERT INTO SYS_SERVER VALUES('5d3b177d-d47c-373b-1d4a-9a3217e5254f','2018-04-18 21:21:44.821000',NULL,'2018-04-20 14:44:04.811000',NULL,'localhost:8080/app-core',TRUE,NULL)
COMMIT
DELETE FROM SYS_SERVER WHERE ID='5d3b177d-d47c-373b-1d4a-9a3217e5254f'
INSERT INTO SYS_SERVER VALUES('5d3b177d-d47c-373b-1d4a-9a3217e5254f','2018-04-18 21:21:44.821000',NULL,'2018-04-20 14:45:04.814000',NULL,'localhost:8080/app-core',TRUE,NULL)
COMMIT
DELETE FROM SYS_SERVER WHERE ID='5d3b177d-d47c-373b-1d4a-9a3217e5254f'
INSERT INTO SYS_SERVER VALUES('5d3b177d-d47c-373b-1d4a-9a3217e5254f','2018-04-18 21:21:44.821000',NULL,'2018-04-20 14:46:04.818000',NULL,'localhost:8080/app-core',TRUE,NULL)
COMMIT
DELETE FROM SYS_SERVER WHERE ID='5d3b177d-d47c-373b-1d4a-9a3217e5254f'
INSERT INTO SYS_SERVER VALUES('5d3b177d-d47c-373b-1d4a-9a3217e5254f','2018-04-18 21:21:44.821000',NULL,'2018-04-20 14:47:04.821000',NULL,'localhost:8080/app-core',TRUE,NULL)
COMMIT
DELETE FROM SYS_SERVER WHERE ID='5d3b177d-d47c-373b-1d4a-9a3217e5254f'
INSERT INTO SYS_SERVER VALUES('5d3b177d-d47c-373b-1d4a-9a3217e5254f','2018-04-18 21:21:44.821000',NULL,'2018-04-20 14:48:04.825000',NULL,'localhost:8080/app-core',TRUE,NULL)
COMMIT
DELETE FROM SYS_SERVER WHERE ID='5d3b177d-d47c-373b-1d4a-9a3217e5254f'
INSERT INTO SYS_SERVER VALUES('5d3b177d-d47c-373b-1d4a-9a3217e5254f','2018-04-18 21:21:44.821000',NULL,'2018-04-20 14:49:04.825000',NULL,'localhost:8080/app-core',TRUE,NULL)
COMMIT
DELETE FROM SYS_SERVER WHERE ID='5d3b177d-d47c-373b-1d4a-9a3217e5254f'
INSERT INTO SYS_SERVER VALUES('5d3b177d-d47c-373b-1d4a-9a3217e5254f','2018-04-18 21:21:44.821000',NULL,'2018-04-20 14:50:04.831000',NULL,'localhost:8080/app-core',TRUE,NULL)
COMMIT
DELETE FROM SYS_SERVER WHERE ID='5d3b177d-d47c-373b-1d4a-9a3217e5254f'
INSERT INTO SYS_SERVER VALUES('5d3b177d-d47c-373b-1d4a-9a3217e5254f','2018-04-18 21:21:44.821000',NULL,'2018-04-20 14:51:04.832000',NULL,'localhost:8080/app-core',TRUE,NULL)
COMMIT
DELETE FROM SYS_SERVER WHERE ID='5d3b177d-d47c-373b-1d4a-9a3217e5254f'
INSERT INTO SYS_SERVER VALUES('5d3b177d-d47c-373b-1d4a-9a3217e5254f','2018-04-18 21:21:44.821000',NULL,'2018-04-20 14:52:04.836000',NULL,'localhost:8080/app-core',TRUE,NULL)
COMMIT
DELETE FROM SYS_SERVER WHERE ID='5d3b177d-d47c-373b-1d4a-9a3217e5254f'
INSERT INTO SYS_SERVER VALUES('5d3b177d-d47c-373b-1d4a-9a3217e5254f','2018-04-18 21:21:44.821000',NULL,'2018-04-20 14:53:04.837000',NULL,'localhost:8080/app-core',TRUE,NULL)
COMMIT
DELETE FROM SYS_SERVER WHERE ID='5d3b177d-d47c-373b-1d4a-9a3217e5254f'
INSERT INTO SYS_SERVER VALUES('5d3b177d-d47c-373b-1d4a-9a3217e5254f','2018-04-18 21:21:44.821000',NULL,'2018-04-20 14:54:04.842000',NULL,'localhost:8080/app-core',TRUE,NULL)
COMMIT
DELETE FROM SYS_SERVER WHERE ID='5d3b177d-d47c-373b-1d4a-9a3217e5254f'
INSERT INTO SYS_SERVER VALUES('5d3b177d-d47c-373b-1d4a-9a3217e5254f','2018-04-18 21:21:44.821000',NULL,'2018-04-20 14:55:04.856000',NULL,'localhost:8080/app-core',TRUE,NULL)
COMMIT
DELETE FROM SYS_SERVER WHERE ID='5d3b177d-d47c-373b-1d4a-9a3217e5254f'
INSERT INTO SYS_SERVER VALUES('5d3b177d-d47c-373b-1d4a-9a3217e5254f','2018-04-18 21:21:44.821000',NULL,'2018-04-20 14:56:04.860000',NULL,'localhost:8080/app-core',TRUE,NULL)
COMMIT
DELETE FROM SYS_SERVER WHERE ID='5d3b177d-d47c-373b-1d4a-9a3217e5254f'
INSERT INTO SYS_SERVER VALUES('5d3b177d-d47c-373b-1d4a-9a3217e5254f','2018-04-18 21:21:44.821000',NULL,'2018-04-20 14:57:04.863000',NULL,'localhost:8080/app-core',TRUE,NULL)
COMMIT
DELETE FROM SYS_SERVER WHERE ID='5d3b177d-d47c-373b-1d4a-9a3217e5254f'
INSERT INTO SYS_SERVER VALUES('5d3b177d-d47c-373b-1d4a-9a3217e5254f','2018-04-18 21:21:44.821000',NULL,'2018-04-20 14:58:04.866000',NULL,'localhost:8080/app-core',TRUE,NULL)
COMMIT
DELETE FROM SYS_SERVER WHERE ID='5d3b177d-d47c-373b-1d4a-9a3217e5254f'
INSERT INTO SYS_SERVER VALUES('5d3b177d-d47c-373b-1d4a-9a3217e5254f','2018-04-18 21:21:44.821000',NULL,'2018-04-20 14:59:04.869000',NULL,'localhost:8080/app-core',TRUE,NULL)
COMMIT
DELETE FROM SYS_SERVER WHERE ID='5d3b177d-d47c-373b-1d4a-9a3217e5254f'
INSERT INTO SYS_SERVER VALUES('5d3b177d-d47c-373b-1d4a-9a3217e5254f','2018-04-18 21:21:44.821000',NULL,'2018-04-20 15:00:04.875000',NULL,'localhost:8080/app-core',TRUE,NULL)
COMMIT
DELETE FROM SYS_SERVER WHERE ID='5d3b177d-d47c-373b-1d4a-9a3217e5254f'
INSERT INTO SYS_SERVER VALUES('5d3b177d-d47c-373b-1d4a-9a3217e5254f','2018-04-18 21:21:44.821000',NULL,'2018-04-20 15:01:04.880000',NULL,'localhost:8080/app-core',TRUE,NULL)
COMMIT
DELETE FROM SYS_SERVER WHERE ID='5d3b177d-d47c-373b-1d4a-9a3217e5254f'
INSERT INTO SYS_SERVER VALUES('5d3b177d-d47c-373b-1d4a-9a3217e5254f','2018-04-18 21:21:44.821000',NULL,'2018-04-20 15:02:04.884000',NULL,'localhost:8080/app-core',TRUE,NULL)
COMMIT
DELETE FROM SYS_SERVER WHERE ID='5d3b177d-d47c-373b-1d4a-9a3217e5254f'
INSERT INTO SYS_SERVER VALUES('5d3b177d-d47c-373b-1d4a-9a3217e5254f','2018-04-18 21:21:44.821000',NULL,'2018-04-20 15:03:04.889000',NULL,'localhost:8080/app-core',TRUE,NULL)
COMMIT
DELETE FROM SYS_SERVER WHERE ID='5d3b177d-d47c-373b-1d4a-9a3217e5254f'
INSERT INTO SYS_SERVER VALUES('5d3b177d-d47c-373b-1d4a-9a3217e5254f','2018-04-18 21:21:44.821000',NULL,'2018-04-20 15:04:04.890000',NULL,'localhost:8080/app-core',TRUE,NULL)
COMMIT
DELETE FROM SYS_SERVER WHERE ID='5d3b177d-d47c-373b-1d4a-9a3217e5254f'
INSERT INTO SYS_SERVER VALUES('5d3b177d-d47c-373b-1d4a-9a3217e5254f','2018-04-18 21:21:44.821000',NULL,'2018-04-20 15:05:04.895000',NULL,'localhost:8080/app-core',TRUE,NULL)
COMMIT
DELETE FROM SYS_SERVER WHERE ID='5d3b177d-d47c-373b-1d4a-9a3217e5254f'
INSERT INTO SYS_SERVER VALUES('5d3b177d-d47c-373b-1d4a-9a3217e5254f','2018-04-18 21:21:44.821000',NULL,'2018-04-20 15:06:04.896000',NULL,'localhost:8080/app-core',TRUE,NULL)
COMMIT
DELETE FROM SYS_SERVER WHERE ID='5d3b177d-d47c-373b-1d4a-9a3217e5254f'
INSERT INTO SYS_SERVER VALUES('5d3b177d-d47c-373b-1d4a-9a3217e5254f','2018-04-18 21:21:44.821000',NULL,'2018-04-20 15:07:04.900000',NULL,'localhost:8080/app-core',TRUE,NULL)
COMMIT
DELETE FROM SYS_SERVER WHERE ID='5d3b177d-d47c-373b-1d4a-9a3217e5254f'
INSERT INTO SYS_SERVER VALUES('5d3b177d-d47c-373b-1d4a-9a3217e5254f','2018-04-18 21:21:44.821000',NULL,'2018-04-20 15:08:04.905000',NULL,'localhost:8080/app-core',TRUE,NULL)
COMMIT
DELETE FROM SYS_SERVER WHERE ID='5d3b177d-d47c-373b-1d4a-9a3217e5254f'
INSERT INTO SYS_SERVER VALUES('5d3b177d-d47c-373b-1d4a-9a3217e5254f','2018-04-18 21:21:44.821000',NULL,'2018-04-20 15:09:04.907000',NULL,'localhost:8080/app-core',TRUE,NULL)
COMMIT
DELETE FROM SYS_SERVER WHERE ID='5d3b177d-d47c-373b-1d4a-9a3217e5254f'
INSERT INTO SYS_SERVER VALUES('5d3b177d-d47c-373b-1d4a-9a3217e5254f','2018-04-18 21:21:44.821000',NULL,'2018-04-20 15:10:04.912000',NULL,'localhost:8080/app-core',TRUE,NULL)
COMMIT
DELETE FROM SYS_SERVER WHERE ID='5d3b177d-d47c-373b-1d4a-9a3217e5254f'
INSERT INTO SYS_SERVER VALUES('5d3b177d-d47c-373b-1d4a-9a3217e5254f','2018-04-18 21:21:44.821000',NULL,'2018-04-20 15:11:04.915000',NULL,'localhost:8080/app-core',TRUE,NULL)
COMMIT
DELETE FROM SYS_SERVER WHERE ID='5d3b177d-d47c-373b-1d4a-9a3217e5254f'
INSERT INTO SYS_SERVER VALUES('5d3b177d-d47c-373b-1d4a-9a3217e5254f','2018-04-18 21:21:44.821000',NULL,'2018-04-20 15:12:04.919000',NULL,'localhost:8080/app-core',TRUE,NULL)
COMMIT
DELETE FROM SYS_SERVER WHERE ID='5d3b177d-d47c-373b-1d4a-9a3217e5254f'
INSERT INTO SYS_SERVER VALUES('5d3b177d-d47c-373b-1d4a-9a3217e5254f','2018-04-18 21:21:44.821000',NULL,'2018-04-20 15:13:04.923000',NULL,'localhost:8080/app-core',TRUE,NULL)
COMMIT
DELETE FROM SYS_SERVER WHERE ID='5d3b177d-d47c-373b-1d4a-9a3217e5254f'
INSERT INTO SYS_SERVER VALUES('5d3b177d-d47c-373b-1d4a-9a3217e5254f','2018-04-18 21:21:44.821000',NULL,'2018-04-20 15:14:04.929000',NULL,'localhost:8080/app-core',TRUE,NULL)
COMMIT
DELETE FROM SYS_SERVER WHERE ID='5d3b177d-d47c-373b-1d4a-9a3217e5254f'
INSERT INTO SYS_SERVER VALUES('5d3b177d-d47c-373b-1d4a-9a3217e5254f','2018-04-18 21:21:44.821000',NULL,'2018-04-20 15:15:04.935000',NULL,'localhost:8080/app-core',TRUE,NULL)
COMMIT
DELETE FROM SYS_SERVER WHERE ID='5d3b177d-d47c-373b-1d4a-9a3217e5254f'
INSERT INTO SYS_SERVER VALUES('5d3b177d-d47c-373b-1d4a-9a3217e5254f','2018-04-18 21:21:44.821000',NULL,'2018-04-20 15:16:04.940000',NULL,'localhost:8080/app-core',TRUE,NULL)
COMMIT
DELETE FROM SYS_SERVER WHERE ID='5d3b177d-d47c-373b-1d4a-9a3217e5254f'
INSERT INTO SYS_SERVER VALUES('5d3b177d-d47c-373b-1d4a-9a3217e5254f','2018-04-18 21:21:44.821000',NULL,'2018-04-20 15:17:04.945000',NULL,'localhost:8080/app-core',TRUE,NULL)
COMMIT
DELETE FROM SYS_SERVER WHERE ID='5d3b177d-d47c-373b-1d4a-9a3217e5254f'
INSERT INTO SYS_SERVER VALUES('5d3b177d-d47c-373b-1d4a-9a3217e5254f','2018-04-18 21:21:44.821000',NULL,'2018-04-20 15:18:04.950000',NULL,'localhost:8080/app-core',TRUE,NULL)
COMMIT
DELETE FROM SYS_SERVER WHERE ID='5d3b177d-d47c-373b-1d4a-9a3217e5254f'
INSERT INTO SYS_SERVER VALUES('5d3b177d-d47c-373b-1d4a-9a3217e5254f','2018-04-18 21:21:44.821000',NULL,'2018-04-20 15:19:04.951000',NULL,'localhost:8080/app-core',TRUE,NULL)
COMMIT
DELETE FROM SYS_SERVER WHERE ID='5d3b177d-d47c-373b-1d4a-9a3217e5254f'
INSERT INTO SYS_SERVER VALUES('5d3b177d-d47c-373b-1d4a-9a3217e5254f','2018-04-18 21:21:44.821000',NULL,'2018-04-20 15:20:04.954000',NULL,'localhost:8080/app-core',TRUE,NULL)
COMMIT
DELETE FROM SYS_SERVER WHERE ID='5d3b177d-d47c-373b-1d4a-9a3217e5254f'
INSERT INTO SYS_SERVER VALUES('5d3b177d-d47c-373b-1d4a-9a3217e5254f','2018-04-18 21:21:44.821000',NULL,'2018-04-20 15:21:04.957000',NULL,'localhost:8080/app-core',TRUE,NULL)
COMMIT
DELETE FROM SYS_SERVER WHERE ID='5d3b177d-d47c-373b-1d4a-9a3217e5254f'
INSERT INTO SYS_SERVER VALUES('5d3b177d-d47c-373b-1d4a-9a3217e5254f','2018-04-18 21:21:44.821000',NULL,'2018-04-20 15:22:04.961000',NULL,'localhost:8080/app-core',TRUE,NULL)
COMMIT
DELETE FROM SYS_SERVER WHERE ID='5d3b177d-d47c-373b-1d4a-9a3217e5254f'
INSERT INTO SYS_SERVER VALUES('5d3b177d-d47c-373b-1d4a-9a3217e5254f','2018-04-18 21:21:44.821000',NULL,'2018-04-20 15:23:04.963000',NULL,'localhost:8080/app-core',TRUE,NULL)
COMMIT
DELETE FROM SYS_SERVER WHERE ID='5d3b177d-d47c-373b-1d4a-9a3217e5254f'
INSERT INTO SYS_SERVER VALUES('5d3b177d-d47c-373b-1d4a-9a3217e5254f','2018-04-18 21:21:44.821000',NULL,'2018-04-20 15:24:04.967000',NULL,'localhost:8080/app-core',TRUE,NULL)
COMMIT
DELETE FROM SYS_SERVER WHERE ID='5d3b177d-d47c-373b-1d4a-9a3217e5254f'
INSERT INTO SYS_SERVER VALUES('5d3b177d-d47c-373b-1d4a-9a3217e5254f','2018-04-18 21:21:44.821000',NULL,'2018-04-20 15:25:04.967000',NULL,'localhost:8080/app-core',TRUE,NULL)
COMMIT
DELETE FROM SYS_SERVER WHERE ID='5d3b177d-d47c-373b-1d4a-9a3217e5254f'
INSERT INTO SYS_SERVER VALUES('5d3b177d-d47c-373b-1d4a-9a3217e5254f','2018-04-18 21:21:44.821000',NULL,'2018-04-20 15:26:04.969000',NULL,'localhost:8080/app-core',TRUE,NULL)
COMMIT
DELETE FROM SYS_SERVER WHERE ID='5d3b177d-d47c-373b-1d4a-9a3217e5254f'
INSERT INTO SYS_SERVER VALUES('5d3b177d-d47c-373b-1d4a-9a3217e5254f','2018-04-18 21:21:44.821000',NULL,'2018-04-20 15:27:04.972000',NULL,'localhost:8080/app-core',TRUE,NULL)
COMMIT
DELETE FROM SYS_SERVER WHERE ID='5d3b177d-d47c-373b-1d4a-9a3217e5254f'
INSERT INTO SYS_SERVER VALUES('5d3b177d-d47c-373b-1d4a-9a3217e5254f','2018-04-18 21:21:44.821000',NULL,'2018-04-20 15:28:04.976000',NULL,'localhost:8080/app-core',TRUE,NULL)
COMMIT
DELETE FROM SYS_SERVER WHERE ID='5d3b177d-d47c-373b-1d4a-9a3217e5254f'
INSERT INTO SYS_SERVER VALUES('5d3b177d-d47c-373b-1d4a-9a3217e5254f','2018-04-18 21:21:44.821000',NULL,'2018-04-20 15:29:04.981000',NULL,'localhost:8080/app-core',TRUE,NULL)
COMMIT
DELETE FROM SYS_SERVER WHERE ID='5d3b177d-d47c-373b-1d4a-9a3217e5254f'
INSERT INTO SYS_SERVER VALUES('5d3b177d-d47c-373b-1d4a-9a3217e5254f','2018-04-18 21:21:44.821000',NULL,'2018-04-20 15:30:04.986000',NULL,'localhost:8080/app-core',TRUE,NULL)
COMMIT
DELETE FROM SYS_SERVER WHERE ID='5d3b177d-d47c-373b-1d4a-9a3217e5254f'
INSERT INTO SYS_SERVER VALUES('5d3b177d-d47c-373b-1d4a-9a3217e5254f','2018-04-18 21:21:44.821000',NULL,'2018-04-20 15:31:04.988000',NULL,'localhost:8080/app-core',TRUE,NULL)
COMMIT
DELETE FROM SYS_SERVER WHERE ID='5d3b177d-d47c-373b-1d4a-9a3217e5254f'
INSERT INTO SYS_SERVER VALUES('5d3b177d-d47c-373b-1d4a-9a3217e5254f','2018-04-18 21:21:44.821000',NULL,'2018-04-20 15:32:04.991000',NULL,'localhost:8080/app-core',TRUE,NULL)
COMMIT
DELETE FROM SYS_SERVER WHERE ID='5d3b177d-d47c-373b-1d4a-9a3217e5254f'
INSERT INTO SYS_SERVER VALUES('5d3b177d-d47c-373b-1d4a-9a3217e5254f','2018-04-18 21:21:44.821000',NULL,'2018-04-20 15:33:04.994000',NULL,'localhost:8080/app-core',TRUE,NULL)
COMMIT
DELETE FROM SYS_SERVER WHERE ID='5d3b177d-d47c-373b-1d4a-9a3217e5254f'
INSERT INTO SYS_SERVER VALUES('5d3b177d-d47c-373b-1d4a-9a3217e5254f','2018-04-18 21:21:44.821000',NULL,'2018-04-20 15:34:04.997000',NULL,'localhost:8080/app-core',TRUE,NULL)
COMMIT
DELETE FROM SYS_SERVER WHERE ID='5d3b177d-d47c-373b-1d4a-9a3217e5254f'
INSERT INTO SYS_SERVER VALUES('5d3b177d-d47c-373b-1d4a-9a3217e5254f','2018-04-18 21:21:44.821000',NULL,'2018-04-20 15:35:05.001000',NULL,'localhost:8080/app-core',TRUE,NULL)
COMMIT
DELETE FROM SYS_SERVER WHERE ID='5d3b177d-d47c-373b-1d4a-9a3217e5254f'
INSERT INTO SYS_SERVER VALUES('5d3b177d-d47c-373b-1d4a-9a3217e5254f','2018-04-18 21:21:44.821000',NULL,'2018-04-20 15:36:05.007000',NULL,'localhost:8080/app-core',TRUE,NULL)
COMMIT
DELETE FROM SYS_SERVER WHERE ID='5d3b177d-d47c-373b-1d4a-9a3217e5254f'
INSERT INTO SYS_SERVER VALUES('5d3b177d-d47c-373b-1d4a-9a3217e5254f','2018-04-18 21:21:44.821000',NULL,'2018-04-20 15:37:05.010000',NULL,'localhost:8080/app-core',TRUE,NULL)
COMMIT
DELETE FROM SYS_SERVER WHERE ID='5d3b177d-d47c-373b-1d4a-9a3217e5254f'
INSERT INTO SYS_SERVER VALUES('5d3b177d-d47c-373b-1d4a-9a3217e5254f','2018-04-18 21:21:44.821000',NULL,'2018-04-20 15:38:05.014000',NULL,'localhost:8080/app-core',TRUE,NULL)
COMMIT
DELETE FROM SYS_SERVER WHERE ID='5d3b177d-d47c-373b-1d4a-9a3217e5254f'
INSERT INTO SYS_SERVER VALUES('5d3b177d-d47c-373b-1d4a-9a3217e5254f','2018-04-18 21:21:44.821000',NULL,'2018-04-20 15:39:05.016000',NULL,'localhost:8080/app-core',TRUE,NULL)
COMMIT
DELETE FROM SYS_SERVER WHERE ID='5d3b177d-d47c-373b-1d4a-9a3217e5254f'
INSERT INTO SYS_SERVER VALUES('5d3b177d-d47c-373b-1d4a-9a3217e5254f','2018-04-18 21:21:44.821000',NULL,'2018-04-20 15:40:05.021000',NULL,'localhost:8080/app-core',TRUE,NULL)
COMMIT
DELETE FROM SYS_SERVER WHERE ID='5d3b177d-d47c-373b-1d4a-9a3217e5254f'
INSERT INTO SYS_SERVER VALUES('5d3b177d-d47c-373b-1d4a-9a3217e5254f','2018-04-18 21:21:44.821000',NULL,'2018-04-20 15:41:05.022000',NULL,'localhost:8080/app-core',TRUE,NULL)
COMMIT
DELETE FROM SYS_SERVER WHERE ID='5d3b177d-d47c-373b-1d4a-9a3217e5254f'
INSERT INTO SYS_SERVER VALUES('5d3b177d-d47c-373b-1d4a-9a3217e5254f','2018-04-18 21:21:44.821000',NULL,'2018-04-20 15:42:05.025000',NULL,'localhost:8080/app-core',TRUE,NULL)
COMMIT
DELETE FROM SYS_SERVER WHERE ID='5d3b177d-d47c-373b-1d4a-9a3217e5254f'
INSERT INTO SYS_SERVER VALUES('5d3b177d-d47c-373b-1d4a-9a3217e5254f','2018-04-18 21:21:44.821000',NULL,'2018-04-20 15:43:05.029000',NULL,'localhost:8080/app-core',TRUE,NULL)
COMMIT
DELETE FROM SYS_SERVER WHERE ID='5d3b177d-d47c-373b-1d4a-9a3217e5254f'
INSERT INTO SYS_SERVER VALUES('5d3b177d-d47c-373b-1d4a-9a3217e5254f','2018-04-18 21:21:44.821000',NULL,'2018-04-20 15:44:05.034000',NULL,'localhost:8080/app-core',TRUE,NULL)
COMMIT
DELETE FROM SYS_SERVER WHERE ID='5d3b177d-d47c-373b-1d4a-9a3217e5254f'
INSERT INTO SYS_SERVER VALUES('5d3b177d-d47c-373b-1d4a-9a3217e5254f','2018-04-18 21:21:44.821000',NULL,'2018-04-20 15:45:05.038000',NULL,'localhost:8080/app-core',TRUE,NULL)
COMMIT
DELETE FROM SYS_SERVER WHERE ID='5d3b177d-d47c-373b-1d4a-9a3217e5254f'
INSERT INTO SYS_SERVER VALUES('5d3b177d-d47c-373b-1d4a-9a3217e5254f','2018-04-18 21:21:44.821000',NULL,'2018-04-20 15:46:05.041000',NULL,'localhost:8080/app-core',TRUE,NULL)
COMMIT
DELETE FROM SYS_SERVER WHERE ID='5d3b177d-d47c-373b-1d4a-9a3217e5254f'
INSERT INTO SYS_SERVER VALUES('5d3b177d-d47c-373b-1d4a-9a3217e5254f','2018-04-18 21:21:44.821000',NULL,'2018-04-20 15:47:05.045000',NULL,'localhost:8080/app-core',TRUE,NULL)
COMMIT
DELETE FROM SYS_SERVER WHERE ID='5d3b177d-d47c-373b-1d4a-9a3217e5254f'
INSERT INTO SYS_SERVER VALUES('5d3b177d-d47c-373b-1d4a-9a3217e5254f','2018-04-18 21:21:44.821000',NULL,'2018-04-20 15:48:05.050000',NULL,'localhost:8080/app-core',TRUE,NULL)
COMMIT
DELETE FROM SYS_SERVER WHERE ID='5d3b177d-d47c-373b-1d4a-9a3217e5254f'
INSERT INTO SYS_SERVER VALUES('5d3b177d-d47c-373b-1d4a-9a3217e5254f','2018-04-18 21:21:44.821000',NULL,'2018-04-20 15:49:05.055000',NULL,'localhost:8080/app-core',TRUE,NULL)
COMMIT
DELETE FROM SYS_SERVER WHERE ID='5d3b177d-d47c-373b-1d4a-9a3217e5254f'
INSERT INTO SYS_SERVER VALUES('5d3b177d-d47c-373b-1d4a-9a3217e5254f','2018-04-18 21:21:44.821000',NULL,'2018-04-20 15:50:05.060000',NULL,'localhost:8080/app-core',TRUE,NULL)
COMMIT
DELETE FROM SYS_SERVER WHERE ID='5d3b177d-d47c-373b-1d4a-9a3217e5254f'
INSERT INTO SYS_SERVER VALUES('5d3b177d-d47c-373b-1d4a-9a3217e5254f','2018-04-18 21:21:44.821000',NULL,'2018-04-20 15:51:05.064000',NULL,'localhost:8080/app-core',TRUE,NULL)
COMMIT
DELETE FROM SYS_SERVER WHERE ID='5d3b177d-d47c-373b-1d4a-9a3217e5254f'
INSERT INTO SYS_SERVER VALUES('5d3b177d-d47c-373b-1d4a-9a3217e5254f','2018-04-18 21:21:44.821000',NULL,'2018-04-20 15:52:05.068000',NULL,'localhost:8080/app-core',TRUE,NULL)
COMMIT
DELETE FROM SYS_SERVER WHERE ID='5d3b177d-d47c-373b-1d4a-9a3217e5254f'
INSERT INTO SYS_SERVER VALUES('5d3b177d-d47c-373b-1d4a-9a3217e5254f','2018-04-18 21:21:44.821000',NULL,'2018-04-20 15:53:05.074000',NULL,'localhost:8080/app-core',TRUE,NULL)
COMMIT
DELETE FROM SYS_SERVER WHERE ID='5d3b177d-d47c-373b-1d4a-9a3217e5254f'
INSERT INTO SYS_SERVER VALUES('5d3b177d-d47c-373b-1d4a-9a3217e5254f','2018-04-18 21:21:44.821000',NULL,'2018-04-20 15:54:05.074000',NULL,'localhost:8080/app-core',TRUE,NULL)
COMMIT
DELETE FROM SYS_SERVER WHERE ID='5d3b177d-d47c-373b-1d4a-9a3217e5254f'
INSERT INTO SYS_SERVER VALUES('5d3b177d-d47c-373b-1d4a-9a3217e5254f','2018-04-18 21:21:44.821000',NULL,'2018-04-20 15:55:05.076000',NULL,'localhost:8080/app-core',TRUE,NULL)
COMMIT
DELETE FROM SYS_SERVER WHERE ID='5d3b177d-d47c-373b-1d4a-9a3217e5254f'
INSERT INTO SYS_SERVER VALUES('5d3b177d-d47c-373b-1d4a-9a3217e5254f','2018-04-18 21:21:44.821000',NULL,'2018-04-20 15:56:05.080000',NULL,'localhost:8080/app-core',TRUE,NULL)
COMMIT
DELETE FROM SYS_SERVER WHERE ID='5d3b177d-d47c-373b-1d4a-9a3217e5254f'
INSERT INTO SYS_SERVER VALUES('5d3b177d-d47c-373b-1d4a-9a3217e5254f','2018-04-18 21:21:44.821000',NULL,'2018-04-20 15:57:05.085000',NULL,'localhost:8080/app-core',TRUE,NULL)
COMMIT
DELETE FROM SYS_SERVER WHERE ID='5d3b177d-d47c-373b-1d4a-9a3217e5254f'
INSERT INTO SYS_SERVER VALUES('5d3b177d-d47c-373b-1d4a-9a3217e5254f','2018-04-18 21:21:44.821000',NULL,'2018-04-20 15:58:05.089000',NULL,'localhost:8080/app-core',TRUE,NULL)
COMMIT
DELETE FROM SYS_SERVER WHERE ID='5d3b177d-d47c-373b-1d4a-9a3217e5254f'
INSERT INTO SYS_SERVER VALUES('5d3b177d-d47c-373b-1d4a-9a3217e5254f','2018-04-18 21:21:44.821000',NULL,'2018-04-20 15:59:05.093000',NULL,'localhost:8080/app-core',TRUE,NULL)
COMMIT
DELETE FROM SYS_SERVER WHERE ID='5d3b177d-d47c-373b-1d4a-9a3217e5254f'
INSERT INTO SYS_SERVER VALUES('5d3b177d-d47c-373b-1d4a-9a3217e5254f','2018-04-18 21:21:44.821000',NULL,'2018-04-20 16:00:05.096000',NULL,'localhost:8080/app-core',TRUE,NULL)
COMMIT
DELETE FROM SYS_SERVER WHERE ID='5d3b177d-d47c-373b-1d4a-9a3217e5254f'
INSERT INTO SYS_SERVER VALUES('5d3b177d-d47c-373b-1d4a-9a3217e5254f','2018-04-18 21:21:44.821000',NULL,'2018-04-20 16:01:05.097000',NULL,'localhost:8080/app-core',TRUE,NULL)
COMMIT
DELETE FROM SYS_SERVER WHERE ID='5d3b177d-d47c-373b-1d4a-9a3217e5254f'
INSERT INTO SYS_SERVER VALUES('5d3b177d-d47c-373b-1d4a-9a3217e5254f','2018-04-18 21:21:44.821000',NULL,'2018-04-20 16:02:05.098000',NULL,'localhost:8080/app-core',TRUE,NULL)
COMMIT
DELETE FROM SYS_SERVER WHERE ID='5d3b177d-d47c-373b-1d4a-9a3217e5254f'
INSERT INTO SYS_SERVER VALUES('5d3b177d-d47c-373b-1d4a-9a3217e5254f','2018-04-18 21:21:44.821000',NULL,'2018-04-20 16:03:05.101000',NULL,'localhost:8080/app-core',TRUE,NULL)
COMMIT
DELETE FROM SYS_SERVER WHERE ID='5d3b177d-d47c-373b-1d4a-9a3217e5254f'
INSERT INTO SYS_SERVER VALUES('5d3b177d-d47c-373b-1d4a-9a3217e5254f','2018-04-18 21:21:44.821000',NULL,'2018-04-20 16:04:05.106000',NULL,'localhost:8080/app-core',TRUE,NULL)
COMMIT
DELETE FROM SYS_SERVER WHERE ID='5d3b177d-d47c-373b-1d4a-9a3217e5254f'
INSERT INTO SYS_SERVER VALUES('5d3b177d-d47c-373b-1d4a-9a3217e5254f','2018-04-18 21:21:44.821000',NULL,'2018-04-20 16:05:05.113000',NULL,'localhost:8080/app-core',TRUE,NULL)
COMMIT
DELETE FROM SYS_SERVER WHERE ID='5d3b177d-d47c-373b-1d4a-9a3217e5254f'
INSERT INTO SYS_SERVER VALUES('5d3b177d-d47c-373b-1d4a-9a3217e5254f','2018-04-18 21:21:44.821000',NULL,'2018-04-20 16:06:05.120000',NULL,'localhost:8080/app-core',TRUE,NULL)
COMMIT
DELETE FROM SYS_SERVER WHERE ID='5d3b177d-d47c-373b-1d4a-9a3217e5254f'
INSERT INTO SYS_SERVER VALUES('5d3b177d-d47c-373b-1d4a-9a3217e5254f','2018-04-18 21:21:44.821000',NULL,'2018-04-20 16:07:05.124000',NULL,'localhost:8080/app-core',TRUE,NULL)
COMMIT
DELETE FROM SYS_SERVER WHERE ID='5d3b177d-d47c-373b-1d4a-9a3217e5254f'
INSERT INTO SYS_SERVER VALUES('5d3b177d-d47c-373b-1d4a-9a3217e5254f','2018-04-18 21:21:44.821000',NULL,'2018-04-20 16:08:05.127000',NULL,'localhost:8080/app-core',TRUE,NULL)
COMMIT
DELETE FROM SYS_SERVER WHERE ID='5d3b177d-d47c-373b-1d4a-9a3217e5254f'
INSERT INTO SYS_SERVER VALUES('5d3b177d-d47c-373b-1d4a-9a3217e5254f','2018-04-18 21:21:44.821000',NULL,'2018-04-20 16:09:05.131000',NULL,'localhost:8080/app-core',TRUE,NULL)
COMMIT
DELETE FROM SYS_SERVER WHERE ID='5d3b177d-d47c-373b-1d4a-9a3217e5254f'
INSERT INTO SYS_SERVER VALUES('5d3b177d-d47c-373b-1d4a-9a3217e5254f','2018-04-18 21:21:44.821000',NULL,'2018-04-20 16:10:05.136000',NULL,'localhost:8080/app-core',TRUE,NULL)
COMMIT
DELETE FROM SYS_SERVER WHERE ID='5d3b177d-d47c-373b-1d4a-9a3217e5254f'
INSERT INTO SYS_SERVER VALUES('5d3b177d-d47c-373b-1d4a-9a3217e5254f','2018-04-18 21:21:44.821000',NULL,'2018-04-20 16:11:05.137000',NULL,'localhost:8080/app-core',TRUE,NULL)
COMMIT
DELETE FROM SYS_SERVER WHERE ID='5d3b177d-d47c-373b-1d4a-9a3217e5254f'
INSERT INTO SYS_SERVER VALUES('5d3b177d-d47c-373b-1d4a-9a3217e5254f','2018-04-18 21:21:44.821000',NULL,'2018-04-20 16:12:05.141000',NULL,'localhost:8080/app-core',TRUE,NULL)
COMMIT
DELETE FROM SYS_SERVER WHERE ID='5d3b177d-d47c-373b-1d4a-9a3217e5254f'
INSERT INTO SYS_SERVER VALUES('5d3b177d-d47c-373b-1d4a-9a3217e5254f','2018-04-18 21:21:44.821000',NULL,'2018-04-20 16:13:05.146000',NULL,'localhost:8080/app-core',TRUE,NULL)
COMMIT
DELETE FROM SYS_SERVER WHERE ID='5d3b177d-d47c-373b-1d4a-9a3217e5254f'
INSERT INTO SYS_SERVER VALUES('5d3b177d-d47c-373b-1d4a-9a3217e5254f','2018-04-18 21:21:44.821000',NULL,'2018-04-20 16:14:05.152000',NULL,'localhost:8080/app-core',TRUE,NULL)
COMMIT
DELETE FROM SYS_SERVER WHERE ID='5d3b177d-d47c-373b-1d4a-9a3217e5254f'
INSERT INTO SYS_SERVER VALUES('5d3b177d-d47c-373b-1d4a-9a3217e5254f','2018-04-18 21:21:44.821000',NULL,'2018-04-20 16:15:05.156000',NULL,'localhost:8080/app-core',TRUE,NULL)
COMMIT
DELETE FROM SYS_SERVER WHERE ID='5d3b177d-d47c-373b-1d4a-9a3217e5254f'
INSERT INTO SYS_SERVER VALUES('5d3b177d-d47c-373b-1d4a-9a3217e5254f','2018-04-18 21:21:44.821000',NULL,'2018-04-20 16:16:05.157000',NULL,'localhost:8080/app-core',TRUE,NULL)
COMMIT
DELETE FROM SYS_SERVER WHERE ID='5d3b177d-d47c-373b-1d4a-9a3217e5254f'
INSERT INTO SYS_SERVER VALUES('5d3b177d-d47c-373b-1d4a-9a3217e5254f','2018-04-18 21:21:44.821000',NULL,'2018-04-20 16:17:05.161000',NULL,'localhost:8080/app-core',TRUE,NULL)
COMMIT
DELETE FROM SYS_SERVER WHERE ID='5d3b177d-d47c-373b-1d4a-9a3217e5254f'
INSERT INTO SYS_SERVER VALUES('5d3b177d-d47c-373b-1d4a-9a3217e5254f','2018-04-18 21:21:44.821000',NULL,'2018-04-20 16:18:05.166000',NULL,'localhost:8080/app-core',TRUE,NULL)
COMMIT
DELETE FROM SYS_SERVER WHERE ID='5d3b177d-d47c-373b-1d4a-9a3217e5254f'
INSERT INTO SYS_SERVER VALUES('5d3b177d-d47c-373b-1d4a-9a3217e5254f','2018-04-18 21:21:44.821000',NULL,'2018-04-20 16:19:05.169000',NULL,'localhost:8080/app-core',TRUE,NULL)
COMMIT
DELETE FROM SYS_SERVER WHERE ID='5d3b177d-d47c-373b-1d4a-9a3217e5254f'
INSERT INTO SYS_SERVER VALUES('5d3b177d-d47c-373b-1d4a-9a3217e5254f','2018-04-18 21:21:44.821000',NULL,'2018-04-20 16:20:05.173000',NULL,'localhost:8080/app-core',TRUE,NULL)
COMMIT
DELETE FROM SYS_SERVER WHERE ID='5d3b177d-d47c-373b-1d4a-9a3217e5254f'
INSERT INTO SYS_SERVER VALUES('5d3b177d-d47c-373b-1d4a-9a3217e5254f','2018-04-18 21:21:44.821000',NULL,'2018-04-20 16:21:05.176000',NULL,'localhost:8080/app-core',TRUE,NULL)
COMMIT
DELETE FROM SYS_SERVER WHERE ID='5d3b177d-d47c-373b-1d4a-9a3217e5254f'
INSERT INTO SYS_SERVER VALUES('5d3b177d-d47c-373b-1d4a-9a3217e5254f','2018-04-18 21:21:44.821000',NULL,'2018-04-20 16:22:05.180000',NULL,'localhost:8080/app-core',TRUE,NULL)
COMMIT
DELETE FROM SYS_SERVER WHERE ID='5d3b177d-d47c-373b-1d4a-9a3217e5254f'
INSERT INTO SYS_SERVER VALUES('5d3b177d-d47c-373b-1d4a-9a3217e5254f','2018-04-18 21:21:44.821000',NULL,'2018-04-20 16:23:05.186000',NULL,'localhost:8080/app-core',TRUE,NULL)
COMMIT
DELETE FROM SYS_SERVER WHERE ID='5d3b177d-d47c-373b-1d4a-9a3217e5254f'
INSERT INTO SYS_SERVER VALUES('5d3b177d-d47c-373b-1d4a-9a3217e5254f','2018-04-18 21:21:44.821000',NULL,'2018-04-20 16:24:05.189000',NULL,'localhost:8080/app-core',TRUE,NULL)
COMMIT
DELETE FROM SYS_SERVER WHERE ID='5d3b177d-d47c-373b-1d4a-9a3217e5254f'
INSERT INTO SYS_SERVER VALUES('5d3b177d-d47c-373b-1d4a-9a3217e5254f','2018-04-18 21:21:44.821000',NULL,'2018-04-20 16:25:05.193000',NULL,'localhost:8080/app-core',TRUE,NULL)
COMMIT
DELETE FROM SYS_SERVER WHERE ID='5d3b177d-d47c-373b-1d4a-9a3217e5254f'
INSERT INTO SYS_SERVER VALUES('5d3b177d-d47c-373b-1d4a-9a3217e5254f','2018-04-18 21:21:44.821000',NULL,'2018-04-20 16:26:05.197000',NULL,'localhost:8080/app-core',TRUE,NULL)
COMMIT
DELETE FROM SYS_SERVER WHERE ID='5d3b177d-d47c-373b-1d4a-9a3217e5254f'
INSERT INTO SYS_SERVER VALUES('5d3b177d-d47c-373b-1d4a-9a3217e5254f','2018-04-18 21:21:44.821000',NULL,'2018-04-20 16:27:05.203000',NULL,'localhost:8080/app-core',TRUE,NULL)
COMMIT
DELETE FROM SYS_SERVER WHERE ID='5d3b177d-d47c-373b-1d4a-9a3217e5254f'
INSERT INTO SYS_SERVER VALUES('5d3b177d-d47c-373b-1d4a-9a3217e5254f','2018-04-18 21:21:44.821000',NULL,'2018-04-20 16:28:05.206000',NULL,'localhost:8080/app-core',TRUE,NULL)
COMMIT
DELETE FROM SYS_SERVER WHERE ID='5d3b177d-d47c-373b-1d4a-9a3217e5254f'
INSERT INTO SYS_SERVER VALUES('5d3b177d-d47c-373b-1d4a-9a3217e5254f','2018-04-18 21:21:44.821000',NULL,'2018-04-20 16:29:05.211000',NULL,'localhost:8080/app-core',TRUE,NULL)
COMMIT
DELETE FROM SYS_SERVER WHERE ID='5d3b177d-d47c-373b-1d4a-9a3217e5254f'
INSERT INTO SYS_SERVER VALUES('5d3b177d-d47c-373b-1d4a-9a3217e5254f','2018-04-18 21:21:44.821000',NULL,'2018-04-20 16:30:05.211000',NULL,'localhost:8080/app-core',TRUE,NULL)
COMMIT
DELETE FROM SYS_SERVER WHERE ID='5d3b177d-d47c-373b-1d4a-9a3217e5254f'
INSERT INTO SYS_SERVER VALUES('5d3b177d-d47c-373b-1d4a-9a3217e5254f','2018-04-18 21:21:44.821000',NULL,'2018-04-20 16:31:05.215000',NULL,'localhost:8080/app-core',TRUE,NULL)
COMMIT
DELETE FROM SYS_SERVER WHERE ID='5d3b177d-d47c-373b-1d4a-9a3217e5254f'
INSERT INTO SYS_SERVER VALUES('5d3b177d-d47c-373b-1d4a-9a3217e5254f','2018-04-18 21:21:44.821000',NULL,'2018-04-20 16:32:05.220000',NULL,'localhost:8080/app-core',TRUE,NULL)
COMMIT
DELETE FROM SYS_SERVER WHERE ID='5d3b177d-d47c-373b-1d4a-9a3217e5254f'
INSERT INTO SYS_SERVER VALUES('5d3b177d-d47c-373b-1d4a-9a3217e5254f','2018-04-18 21:21:44.821000',NULL,'2018-04-20 16:33:05.220000',NULL,'localhost:8080/app-core',TRUE,NULL)
COMMIT
DELETE FROM SYS_SERVER WHERE ID='5d3b177d-d47c-373b-1d4a-9a3217e5254f'
INSERT INTO SYS_SERVER VALUES('5d3b177d-d47c-373b-1d4a-9a3217e5254f','2018-04-18 21:21:44.821000',NULL,'2018-04-20 16:34:05.222000',NULL,'localhost:8080/app-core',TRUE,NULL)
COMMIT
DELETE FROM SYS_SERVER WHERE ID='5d3b177d-d47c-373b-1d4a-9a3217e5254f'
INSERT INTO SYS_SERVER VALUES('5d3b177d-d47c-373b-1d4a-9a3217e5254f','2018-04-18 21:21:44.821000',NULL,'2018-04-20 16:35:05.224000',NULL,'localhost:8080/app-core',TRUE,NULL)
COMMIT
DELETE FROM SYS_SERVER WHERE ID='5d3b177d-d47c-373b-1d4a-9a3217e5254f'
INSERT INTO SYS_SERVER VALUES('5d3b177d-d47c-373b-1d4a-9a3217e5254f','2018-04-18 21:21:44.821000',NULL,'2018-04-20 16:36:05.225000',NULL,'localhost:8080/app-core',TRUE,NULL)
COMMIT
DELETE FROM SYS_SERVER WHERE ID='5d3b177d-d47c-373b-1d4a-9a3217e5254f'
INSERT INTO SYS_SERVER VALUES('5d3b177d-d47c-373b-1d4a-9a3217e5254f','2018-04-18 21:21:44.821000',NULL,'2018-04-20 16:37:05.227000',NULL,'localhost:8080/app-core',TRUE,NULL)
COMMIT
DELETE FROM SYS_SERVER WHERE ID='5d3b177d-d47c-373b-1d4a-9a3217e5254f'
INSERT INTO SYS_SERVER VALUES('5d3b177d-d47c-373b-1d4a-9a3217e5254f','2018-04-18 21:21:44.821000',NULL,'2018-04-20 16:38:05.230000',NULL,'localhost:8080/app-core',TRUE,NULL)
COMMIT
DELETE FROM SYS_SERVER WHERE ID='5d3b177d-d47c-373b-1d4a-9a3217e5254f'
INSERT INTO SYS_SERVER VALUES('5d3b177d-d47c-373b-1d4a-9a3217e5254f','2018-04-18 21:21:44.821000',NULL,'2018-04-20 16:39:05.231000',NULL,'localhost:8080/app-core',TRUE,NULL)
COMMIT
DELETE FROM SYS_SERVER WHERE ID='5d3b177d-d47c-373b-1d4a-9a3217e5254f'
INSERT INTO SYS_SERVER VALUES('5d3b177d-d47c-373b-1d4a-9a3217e5254f','2018-04-18 21:21:44.821000',NULL,'2018-04-20 16:40:05.233000',NULL,'localhost:8080/app-core',TRUE,NULL)
COMMIT
DELETE FROM SYS_SERVER WHERE ID='5d3b177d-d47c-373b-1d4a-9a3217e5254f'
INSERT INTO SYS_SERVER VALUES('5d3b177d-d47c-373b-1d4a-9a3217e5254f','2018-04-18 21:21:44.821000',NULL,'2018-04-20 16:41:05.237000',NULL,'localhost:8080/app-core',TRUE,NULL)
COMMIT
DELETE FROM SYS_SERVER WHERE ID='5d3b177d-d47c-373b-1d4a-9a3217e5254f'
INSERT INTO SYS_SERVER VALUES('5d3b177d-d47c-373b-1d4a-9a3217e5254f','2018-04-18 21:21:44.821000',NULL,'2018-04-20 16:42:05.237000',NULL,'localhost:8080/app-core',TRUE,NULL)
COMMIT
DELETE FROM SYS_SERVER WHERE ID='5d3b177d-d47c-373b-1d4a-9a3217e5254f'
INSERT INTO SYS_SERVER VALUES('5d3b177d-d47c-373b-1d4a-9a3217e5254f','2018-04-18 21:21:44.821000',NULL,'2018-04-20 16:43:05.243000',NULL,'localhost:8080/app-core',TRUE,NULL)
COMMIT
DELETE FROM SYS_SERVER WHERE ID='5d3b177d-d47c-373b-1d4a-9a3217e5254f'
INSERT INTO SYS_SERVER VALUES('5d3b177d-d47c-373b-1d4a-9a3217e5254f','2018-04-18 21:21:44.821000',NULL,'2018-04-20 16:44:05.246000',NULL,'localhost:8080/app-core',TRUE,NULL)
COMMIT
DELETE FROM SYS_SERVER WHERE ID='5d3b177d-d47c-373b-1d4a-9a3217e5254f'
INSERT INTO SYS_SERVER VALUES('5d3b177d-d47c-373b-1d4a-9a3217e5254f','2018-04-18 21:21:44.821000',NULL,'2018-04-20 16:45:05.247000',NULL,'localhost:8080/app-core',TRUE,NULL)
COMMIT
DELETE FROM SYS_SERVER WHERE ID='5d3b177d-d47c-373b-1d4a-9a3217e5254f'
INSERT INTO SYS_SERVER VALUES('5d3b177d-d47c-373b-1d4a-9a3217e5254f','2018-04-18 21:21:44.821000',NULL,'2018-04-20 16:46:05.252000',NULL,'localhost:8080/app-core',TRUE,NULL)
COMMIT
DELETE FROM SYS_SERVER WHERE ID='5d3b177d-d47c-373b-1d4a-9a3217e5254f'
INSERT INTO SYS_SERVER VALUES('5d3b177d-d47c-373b-1d4a-9a3217e5254f','2018-04-18 21:21:44.821000',NULL,'2018-04-20 16:47:05.255000',NULL,'localhost:8080/app-core',TRUE,NULL)
COMMIT
DELETE FROM SYS_SERVER WHERE ID='5d3b177d-d47c-373b-1d4a-9a3217e5254f'
INSERT INTO SYS_SERVER VALUES('5d3b177d-d47c-373b-1d4a-9a3217e5254f','2018-04-18 21:21:44.821000',NULL,'2018-04-20 16:55:58.018000',NULL,'localhost:8080/app-core',TRUE,NULL)
COMMIT
DELETE FROM SYS_SERVER WHERE ID='5d3b177d-d47c-373b-1d4a-9a3217e5254f'
INSERT INTO SYS_SERVER VALUES('5d3b177d-d47c-373b-1d4a-9a3217e5254f','2018-04-18 21:21:44.821000',NULL,'2018-04-20 17:05:09.576000',NULL,'localhost:8080/app-core',TRUE,NULL)
COMMIT
DELETE FROM SYS_SERVER WHERE ID='5d3b177d-d47c-373b-1d4a-9a3217e5254f'
INSERT INTO SYS_SERVER VALUES('5d3b177d-d47c-373b-1d4a-9a3217e5254f','2018-04-18 21:21:44.821000',NULL,'2018-04-20 17:11:26.258000',NULL,'localhost:8080/app-core',TRUE,NULL)
COMMIT
DELETE FROM SYS_SERVER WHERE ID='5d3b177d-d47c-373b-1d4a-9a3217e5254f'
INSERT INTO SYS_SERVER VALUES('5d3b177d-d47c-373b-1d4a-9a3217e5254f','2018-04-18 21:21:44.821000',NULL,'2018-04-20 17:12:26.259000',NULL,'localhost:8080/app-core',TRUE,NULL)
COMMIT
DELETE FROM SYS_SERVER WHERE ID='5d3b177d-d47c-373b-1d4a-9a3217e5254f'
INSERT INTO SYS_SERVER VALUES('5d3b177d-d47c-373b-1d4a-9a3217e5254f','2018-04-18 21:21:44.821000',NULL,'2018-04-20 17:13:26.261000',NULL,'localhost:8080/app-core',TRUE,NULL)
COMMIT
DELETE FROM SYS_SERVER WHERE ID='5d3b177d-d47c-373b-1d4a-9a3217e5254f'
INSERT INTO SYS_SERVER VALUES('5d3b177d-d47c-373b-1d4a-9a3217e5254f','2018-04-18 21:21:44.821000',NULL,'2018-04-20 17:14:26.262000',NULL,'localhost:8080/app-core',TRUE,NULL)
COMMIT
DELETE FROM SYS_SERVER WHERE ID='5d3b177d-d47c-373b-1d4a-9a3217e5254f'
INSERT INTO SYS_SERVER VALUES('5d3b177d-d47c-373b-1d4a-9a3217e5254f','2018-04-18 21:21:44.821000',NULL,'2018-04-20 17:15:26.262000',NULL,'localhost:8080/app-core',TRUE,NULL)
COMMIT
DELETE FROM SYS_SERVER WHERE ID='5d3b177d-d47c-373b-1d4a-9a3217e5254f'
INSERT INTO SYS_SERVER VALUES('5d3b177d-d47c-373b-1d4a-9a3217e5254f','2018-04-18 21:21:44.821000',NULL,'2018-04-20 17:16:26.263000',NULL,'localhost:8080/app-core',TRUE,NULL)
COMMIT
DELETE FROM SYS_SERVER WHERE ID='5d3b177d-d47c-373b-1d4a-9a3217e5254f'
INSERT INTO SYS_SERVER VALUES('5d3b177d-d47c-373b-1d4a-9a3217e5254f','2018-04-18 21:21:44.821000',NULL,'2018-04-20 17:17:26.266000',NULL,'localhost:8080/app-core',TRUE,NULL)
COMMIT
DELETE FROM SYS_SERVER WHERE ID='5d3b177d-d47c-373b-1d4a-9a3217e5254f'
INSERT INTO SYS_SERVER VALUES('5d3b177d-d47c-373b-1d4a-9a3217e5254f','2018-04-18 21:21:44.821000',NULL,'2018-04-20 17:18:26.270000',NULL,'localhost:8080/app-core',TRUE,NULL)
COMMIT
DELETE FROM SYS_SERVER WHERE ID='5d3b177d-d47c-373b-1d4a-9a3217e5254f'
INSERT INTO SYS_SERVER VALUES('5d3b177d-d47c-373b-1d4a-9a3217e5254f','2018-04-18 21:21:44.821000',NULL,'2018-04-20 17:19:26.273000',NULL,'localhost:8080/app-core',TRUE,NULL)
COMMIT
DELETE FROM SYS_SERVER WHERE ID='5d3b177d-d47c-373b-1d4a-9a3217e5254f'
INSERT INTO SYS_SERVER VALUES('5d3b177d-d47c-373b-1d4a-9a3217e5254f','2018-04-18 21:21:44.821000',NULL,'2018-04-20 17:20:26.277000',NULL,'localhost:8080/app-core',TRUE,NULL)
COMMIT
/*C26*/SET SCHEMA PUBLIC
DISCONNECT
/*C27*/SET SCHEMA PUBLIC
DISCONNECT
/*C28*/SET SCHEMA PUBLIC
DISCONNECT
/*C29*/SET SCHEMA PUBLIC
DISCONNECT
/*C31*/SET SCHEMA PUBLIC
DISCONNECT
/*C32*/SET SCHEMA PUBLIC
DISCONNECT
/*C30*/SET SCHEMA PUBLIC
DISCONNECT
/*C33*/SET SCHEMA PUBLIC
DISCONNECT
/*C34*/SET SCHEMA PUBLIC
DISCONNECT
/*C35*/SET SCHEMA PUBLIC
DISCONNECT
/*C36*/SET SCHEMA PUBLIC
DISCONNECT
/*C38*/SET SCHEMA PUBLIC
DISCONNECT
/*C39*/SET SCHEMA PUBLIC
DISCONNECT
/*C37*/SET SCHEMA PUBLIC
DISCONNECT
/*C40*/SET SCHEMA PUBLIC
DISCONNECT
/*C41*/SET SCHEMA PUBLIC
DISCONNECT
/*C43*/SET SCHEMA PUBLIC
DISCONNECT
/*C44*/SET SCHEMA PUBLIC
DISCONNECT
/*C42*/SET SCHEMA PUBLIC
DISCONNECT
/*C25*/DELETE FROM SYS_SERVER WHERE ID='5d3b177d-d47c-373b-1d4a-9a3217e5254f'
INSERT INTO SYS_SERVER VALUES('5d3b177d-d47c-373b-1d4a-9a3217e5254f','2018-04-18 21:21:44.821000',NULL,'2018-04-20 17:21:08.670000',NULL,'localhost:8080/app-core',FALSE,NULL)
COMMIT
DISCONNECT
/*C45*/SET SCHEMA PUBLIC
alter table CARGOLOAD_CARGO_LOADING_SCHEME rename to CARGOLOAD_CARGO_LOADING_SCHEME__U91522 
INSERT INTO SYS_DB_CHANGELOG VALUES('50-cargoload/update/hsql/18/180420-0-dropCargoloadCargoLoadingScheme.sql','2018-04-20 17:21:16.858000',0)
COMMIT
drop table CARGOLOAD_CARGO_LOADING_SCHEME__U91522 if exists cascade 
INSERT INTO SYS_DB_CHANGELOG VALUES('50-cargoload/update/hsql/18/180420-0-dropCargoloadCargoLoadingScheme_DropScript.sql','2018-04-20 17:21:16.863000',0)
COMMIT
create table CARGOLOAD_CARGO_ITEM_POSITION (\u000a    ID varchar(36) not null,\u000a    VERSION integer not null,\u000a    CREATE_TS timestamp,\u000a    CREATED_BY varchar(50),\u000a    UPDATE_TS timestamp,\u000a    UPDATED_BY varchar(50),\u000a    DELETE_TS timestamp,\u000a    DELETED_BY varchar(50),\u000a    --\u000a    SKU_ID varchar(36) not null,\u000a    BAY_ID varchar(36) not null,\u000a    COUNT_TO_LOAD integer not null,\u000a    SHIP_LOADING_SCHEME_ID varchar(36) not null,\u000a    --\u000a    primary key (ID)\u000a)
INSERT INTO SYS_DB_CHANGELOG VALUES('50-cargoload/update/hsql/18/180420-1-createCargoItemPosition.sql','2018-04-20 17:21:16.867000',0)
COMMIT
create table CARGOLOAD_SHIP_LOADING_SCHEME (\u000a    ID varchar(36) not null,\u000a    VERSION integer not null,\u000a    CREATE_TS timestamp,\u000a    CREATED_BY varchar(50),\u000a    UPDATE_TS timestamp,\u000a    UPDATED_BY varchar(50),\u000a    DELETE_TS timestamp,\u000a    DELETED_BY varchar(50),\u000a    --\u000a    NAME varchar(100) not null,\u000a    --\u000a    primary key (ID)\u000a)
INSERT INTO SYS_DB_CHANGELOG VALUES('50-cargoload/update/hsql/18/180420-1-createShipLoadingScheme.sql','2018-04-20 17:21:16.869000',0)
COMMIT
alter table CARGOLOAD_CARGO_ITEM_POSITION add constraint FK_CARGOLOAD_CARGO_ITEM_POSITION_SKU foreign key (SKU_ID) references CARGOLOAD_CARGO_SKU(ID)
alter table CARGOLOAD_CARGO_ITEM_POSITION add constraint FK_CARGOLOAD_CARGO_ITEM_POSITION_BAY foreign key (BAY_ID) references CARGOLOAD_CARGO_BAY(ID)
alter table CARGOLOAD_CARGO_ITEM_POSITION add constraint FK_CARGOLOAD_CARGO_ITEM_POSITION_SHIP_LOADING_SCHEME foreign key (SHIP_LOADING_SCHEME_ID) references CARGOLOAD_SHIP_LOADING_SCHEME(ID)
create index IDX_CARGOLOAD_CARGO_ITEM_POSITION_SKU on CARGOLOAD_CARGO_ITEM_POSITION (SKU_ID)
create index IDX_CARGOLOAD_CARGO_ITEM_POSITION_BAY on CARGOLOAD_CARGO_ITEM_POSITION (BAY_ID)
create index IDX_CARGOLOAD_CARGO_ITEM_POSITION_SHIP_LOADING_SCHEME on CARGOLOAD_CARGO_ITEM_POSITION (SHIP_LOADING_SCHEME_ID)
INSERT INTO SYS_DB_CHANGELOG VALUES('50-cargoload/update/hsql/18/180420-2-createCargoItemPosition.sql','2018-04-20 17:21:16.873000',0)
COMMIT
DISCONNECT
/*C46*/SET SCHEMA PUBLIC
DISCONNECT
/*C47*/SET SCHEMA PUBLIC
DELETE FROM SYS_SERVER WHERE ID='5d3b177d-d47c-373b-1d4a-9a3217e5254f'
INSERT INTO SYS_SERVER VALUES('5d3b177d-d47c-373b-1d4a-9a3217e5254f','2018-04-18 21:21:44.821000',NULL,'2018-04-20 17:22:13.306000',NULL,'localhost:8080/app-core',FALSE,NULL)
COMMIT
DISCONNECT
